{"/home/travis/build/npmtest/node-npmtest-google-closure-compiler/test.js":{"path":"/home/travis/build/npmtest/node-npmtest-google-closure-compiler/test.js","s":{"1":2,"2":2,"3":2,"4":2,"5":2,"6":2,"7":2,"8":1,"9":2,"10":2,"11":1,"12":1,"13":1,"14":1,"15":2,"16":2,"17":2,"18":2,"19":1,"20":1,"21":2,"22":2,"23":2,"24":1,"25":1,"26":1,"27":1,"28":1,"29":1,"30":1,"31":1,"32":1,"33":1,"34":1,"35":1,"36":1,"37":1,"38":1,"39":2,"40":2,"41":1,"42":2,"43":2,"44":1,"45":2,"46":2,"47":1,"48":2,"49":2,"50":1,"51":1,"52":1,"53":1,"54":1},"b":{"1":[2,1,1,1],"2":[1,1,1,1],"3":[1,1],"4":[1,1],"5":[1,1],"6":[1,1],"7":[1,1],"8":[1,1],"9":[1,1],"10":[1,1,1],"11":[1,1],"12":[1,1],"13":[1,1],"14":[1,1],"15":[1,1],"16":[1,1],"17":[1,1]},"f":{"1":2,"2":2,"3":2,"4":2,"5":2,"6":1,"7":1,"8":1,"9":2,"10":2,"11":2,"12":2,"13":1},"fnMap":{"1":{"name":"(anonymous_1)","line":12,"loc":{"start":{"line":12,"column":1},"end":{"line":12,"column":13}}},"2":{"name":"(anonymous_2)","line":19,"loc":{"start":{"line":19,"column":5},"end":{"line":19,"column":17}}},"3":{"name":"(anonymous_3)","line":23,"loc":{"start":{"line":23,"column":24},"end":{"line":23,"column":36}}},"4":{"name":"(anonymous_4)","line":61,"loc":{"start":{"line":61,"column":5},"end":{"line":61,"column":17}}},"5":{"name":"(anonymous_5)","line":82,"loc":{"start":{"line":82,"column":5},"end":{"line":82,"column":17}}},"6":{"name":"(anonymous_6)","line":91,"loc":{"start":{"line":91,"column":77},"end":{"line":94,"column":10}}},"7":{"name":"(anonymous_7)","line":112,"loc":{"start":{"line":112,"column":83},"end":{"line":115,"column":10}},"skip":true},"8":{"name":"(anonymous_8)","line":123,"loc":{"start":{"line":123,"column":77},"end":{"line":126,"column":10}},"skip":true},"9":{"name":"(anonymous_9)","line":139,"loc":{"start":{"line":139,"column":12},"end":{"line":139,"column":40}},"skip":true},"10":{"name":"(anonymous_10)","line":147,"loc":{"start":{"line":147,"column":77},"end":{"line":150,"column":10}},"skip":true},"11":{"name":"(anonymous_11)","line":158,"loc":{"start":{"line":158,"column":83},"end":{"line":161,"column":10}},"skip":true},"12":{"name":"(anonymous_12)","line":169,"loc":{"start":{"line":169,"column":79},"end":{"line":172,"column":10}},"skip":true},"13":{"name":"(anonymous_13)","line":180,"loc":{"start":{"line":180,"column":75},"end":{"line":183,"column":10}},"skip":true}},"statementMap":{"1":{"start":{"line":12,"column":0},"end":{"line":195,"column":5}},"2":{"start":{"line":14,"column":4},"end":{"line":14,"column":14}},"3":{"start":{"line":19,"column":4},"end":{"line":56,"column":9}},"4":{"start":{"line":21,"column":8},"end":{"line":21,"column":19}},"5":{"start":{"line":23,"column":8},"end":{"line":35,"column":13}},"6":{"start":{"line":24,"column":12},"end":{"line":34,"column":13}},"7":{"start":{"line":25,"column":16},"end":{"line":28,"column":30}},"8":{"start":{"line":30,"column":16},"end":{"line":33,"column":27}},"9":{"start":{"line":37,"column":8},"end":{"line":39,"column":21}},"10":{"start":{"line":40,"column":8},"end":{"line":53,"column":9}},"11":{"start":{"line":43,"column":12},"end":{"line":46,"column":14}},"12":{"start":{"line":47,"column":12},"end":{"line":47,"column":18}},"13":{"start":{"line":50,"column":12},"end":{"line":51,"column":46}},"14":{"start":{"line":52,"column":12},"end":{"line":52,"column":18}},"15":{"start":{"line":55,"column":8},"end":{"line":55,"column":35}},"16":{"start":{"line":61,"column":4},"end":{"line":63,"column":9}},"17":{"start":{"line":62,"column":8},"end":{"line":62,"column":15}},"18":{"start":{"line":64,"column":4},"end":{"line":77,"column":5}},"19":{"start":{"line":70,"column":8},"end":{"line":70,"column":14}},"20":{"start":{"line":76,"column":8},"end":{"line":76,"column":14}},"21":{"start":{"line":82,"column":4},"end":{"line":84,"column":9}},"22":{"start":{"line":83,"column":8},"end":{"line":83,"column":15}},"23":{"start":{"line":85,"column":4},"end":{"line":194,"column":5}},"24":{"start":{"line":91,"column":8},"end":{"line":99,"column":10}},"25":{"start":{"line":98,"column":12},"end":{"line":98,"column":35}},"26":{"start":{"line":102,"column":8},"end":{"line":104,"column":63}},"27":{"start":{"line":105,"column":8},"end":{"line":105,"column":14}},"28":{"start":{"line":112,"column":8},"end":{"line":121,"column":10},"skip":true},"29":{"start":{"line":119,"column":12},"end":{"line":119,"column":55},"skip":true},"30":{"start":{"line":120,"column":12},"end":{"line":120,"column":48},"skip":true},"31":{"start":{"line":123,"column":8},"end":{"line":136,"column":10},"skip":true},"32":{"start":{"line":130,"column":12},"end":{"line":130,"column":76},"skip":true},"33":{"start":{"line":131,"column":12},"end":{"line":131,"column":73},"skip":true},"34":{"start":{"line":132,"column":12},"end":{"line":132,"column":74},"skip":true},"35":{"start":{"line":133,"column":12},"end":{"line":133,"column":79},"skip":true},"36":{"start":{"line":134,"column":12},"end":{"line":134,"column":25},"skip":true},"37":{"start":{"line":135,"column":12},"end":{"line":135,"column":45},"skip":true},"38":{"start":{"line":138,"column":8},"end":{"line":145,"column":14},"skip":true},"39":{"start":{"line":143,"column":16},"end":{"line":143,"column":29},"skip":true},"40":{"start":{"line":144,"column":16},"end":{"line":144,"column":55},"skip":true},"41":{"start":{"line":147,"column":8},"end":{"line":156,"column":10},"skip":true},"42":{"start":{"line":154,"column":12},"end":{"line":154,"column":25},"skip":true},"43":{"start":{"line":155,"column":12},"end":{"line":155,"column":45},"skip":true},"44":{"start":{"line":158,"column":8},"end":{"line":167,"column":10},"skip":true},"45":{"start":{"line":165,"column":12},"end":{"line":165,"column":25},"skip":true},"46":{"start":{"line":166,"column":12},"end":{"line":166,"column":48},"skip":true},"47":{"start":{"line":169,"column":8},"end":{"line":178,"column":10},"skip":true},"48":{"start":{"line":176,"column":12},"end":{"line":176,"column":25},"skip":true},"49":{"start":{"line":177,"column":12},"end":{"line":177,"column":46},"skip":true},"50":{"start":{"line":180,"column":8},"end":{"line":189,"column":10},"skip":true},"51":{"start":{"line":187,"column":12},"end":{"line":187,"column":94},"skip":true},"52":{"start":{"line":188,"column":12},"end":{"line":188,"column":48},"skip":true},"53":{"start":{"line":192,"column":8},"end":{"line":192,"column":35},"skip":true},"54":{"start":{"line":193,"column":8},"end":{"line":193,"column":14},"skip":true}},"branchMap":{"1":{"line":25,"type":"binary-expr","locations":[{"start":{"line":25,"column":23},"end":{"line":25,"column":62}},{"start":{"line":26,"column":20},"end":{"line":26,"column":70}},{"start":{"line":27,"column":20},"end":{"line":27,"column":71}},{"start":{"line":28,"column":20},"end":{"line":28,"column":29}}]},"2":{"line":30,"type":"binary-expr","locations":[{"start":{"line":30,"column":23},"end":{"line":30,"column":37}},{"start":{"line":31,"column":20},"end":{"line":31,"column":61}},{"start":{"line":32,"column":20},"end":{"line":32,"column":70}},{"start":{"line":33,"column":20},"end":{"line":33,"column":26}}]},"3":{"line":37,"type":"cond-expr","locations":[{"start":{"line":38,"column":14},"end":{"line":38,"column":20}},{"start":{"line":39,"column":14},"end":{"line":39,"column":20}}]},"4":{"line":40,"type":"switch","locations":[{"start":{"line":42,"column":8},"end":{"line":47,"column":18}},{"start":{"line":49,"column":8},"end":{"line":52,"column":18}}]},"5":{"line":44,"type":"binary-expr","locations":[{"start":{"line":44,"column":16},"end":{"line":44,"column":44}},{"start":{"line":44,"column":48},"end":{"line":44,"column":66}}]},"6":{"line":50,"type":"binary-expr","locations":[{"start":{"line":50,"column":21},"end":{"line":50,"column":49}},{"start":{"line":50,"column":53},"end":{"line":50,"column":72}}]},"7":{"line":64,"type":"switch","locations":[{"start":{"line":69,"column":4},"end":{"line":70,"column":14}},{"start":{"line":75,"column":4},"end":{"line":76,"column":14}}]},"8":{"line":85,"type":"switch","locations":[{"start":{"line":90,"column":4},"end":{"line":105,"column":14}},{"start":{"line":111,"column":4},"end":{"line":193,"column":14},"skip":true}]},"9":{"line":91,"type":"binary-expr","locations":[{"start":{"line":91,"column":42},"end":{"line":91,"column":73}},{"start":{"line":91,"column":77},"end":{"line":99,"column":9}}]},"10":{"line":102,"type":"binary-expr","locations":[{"start":{"line":102,"column":18},"end":{"line":102,"column":32}},{"start":{"line":103,"column":12},"end":{"line":103,"column":53}},{"start":{"line":104,"column":12},"end":{"line":104,"column":61}}]},"11":{"line":112,"type":"binary-expr","locations":[{"start":{"line":112,"column":45},"end":{"line":112,"column":79},"skip":true},{"start":{"line":112,"column":83},"end":{"line":121,"column":9},"skip":true}]},"12":{"line":123,"type":"binary-expr","locations":[{"start":{"line":123,"column":42},"end":{"line":123,"column":73},"skip":true},{"start":{"line":123,"column":77},"end":{"line":136,"column":9},"skip":true}]},"13":{"line":138,"type":"binary-expr","locations":[{"start":{"line":138,"column":48},"end":{"line":138,"column":85},"skip":true},{"start":{"line":139,"column":12},"end":{"line":145,"column":13},"skip":true}]},"14":{"line":147,"type":"binary-expr","locations":[{"start":{"line":147,"column":42},"end":{"line":147,"column":73},"skip":true},{"start":{"line":147,"column":77},"end":{"line":156,"column":9},"skip":true}]},"15":{"line":158,"type":"binary-expr","locations":[{"start":{"line":158,"column":45},"end":{"line":158,"column":79},"skip":true},{"start":{"line":158,"column":83},"end":{"line":167,"column":9},"skip":true}]},"16":{"line":169,"type":"binary-expr","locations":[{"start":{"line":169,"column":43},"end":{"line":169,"column":75},"skip":true},{"start":{"line":169,"column":79},"end":{"line":178,"column":9},"skip":true}]},"17":{"line":180,"type":"binary-expr","locations":[{"start":{"line":180,"column":41},"end":{"line":180,"column":71},"skip":true},{"start":{"line":180,"column":75},"end":{"line":189,"column":9},"skip":true}]}},"code":["/* istanbul instrument in package npmtest_google_closure_compiler */","/*jslint","    bitwise: true,","    browser: true,","    maxerr: 8,","    maxlen: 96,","    node: true,","    nomen: true,","    regexp: true,","    stupid: true","*/","(function () {","    'use strict';","    var local;","","","","    // run shared js-env code - pre-init","    (function () {","        // init local","        local = {};","        // init modeJs","        local.modeJs = (function () {","            try {","                return typeof navigator.userAgent === 'string' &&","                    typeof document.querySelector('body') === 'object' &&","                    typeof XMLHttpRequest.prototype.open === 'function' &&","                    'browser';","            } catch (errorCaughtBrowser) {","                return module.exports &&","                    typeof process.versions.node === 'string' &&","                    typeof require('http').createServer === 'function' &&","                    'node';","            }","        }());","        // init global","        local.global = local.modeJs === 'browser'","            ? window","            : global;","        switch (local.modeJs) {","        // re-init local from window.local","        case 'browser':","            local = local.global.utility2.objectSetDefault(","                local.global.utility2_rollup || local.global.local,","                local.global.utility2","            );","            break;","        // re-init local from example.js","        case 'node':","            local = (local.global.utility2_rollup || require('utility2'))","                .requireExampleJsFromReadme();","            break;","        }","        // export local","        local.global.local = local;","    }());","","","","    // run shared js-env code - function","    (function () {","        return;","    }());","    switch (local.modeJs) {","","","","    // run browser js-env code - function","    case 'browser':","        break;","","","","    // run node js-env code - function","    case 'node':","        break;","    }","","","","    // run shared js-env code - post-init","    (function () {","        return;","    }());","    switch (local.modeJs) {","","","","    // run browser js-env code - post-init","    case 'browser':","        local.testCase_browser_nullCase = local.testCase_browser_nullCase || function (","            options,","            onError","        ) {","        /*","         * this function will test browsers's null-case handling-behavior-behavior","         */","            onError(null, options);","        };","","        // run tests","        local.nop(local.modeTest &&","            document.querySelector('#testRunButton1') &&","            document.querySelector('#testRunButton1').click());","        break;","","","","    // run node js-env code - post-init","    /* istanbul ignore next */","    case 'node':","        local.testCase_buildApidoc_default = local.testCase_buildApidoc_default || function (","            options,","            onError","        ) {","        /*","         * this function will test buildApidoc's default handling-behavior-behavior","         */","            options = { modulePathList: module.paths };","            local.buildApidoc(options, onError);","        };","","        local.testCase_buildApp_default = local.testCase_buildApp_default || function (","            options,","            onError","        ) {","        /*","         * this function will test buildApp's default handling-behavior-behavior","         */","            local.testCase_buildReadme_default(options, local.onErrorThrow);","            local.testCase_buildLib_default(options, local.onErrorThrow);","            local.testCase_buildTest_default(options, local.onErrorThrow);","            local.testCase_buildCustomOrg_default(options, local.onErrorThrow);","            options = [];","            local.buildApp(options, onError);","        };","","        local.testCase_buildCustomOrg_default = local.testCase_buildCustomOrg_default ||","            function (options, onError) {","            /*","             * this function will test buildCustomOrg's default handling-behavior","             */","                options = {};","                local.buildCustomOrg(options, onError);","            };","","        local.testCase_buildLib_default = local.testCase_buildLib_default || function (","            options,","            onError","        ) {","        /*","         * this function will test buildLib's default handling-behavior","         */","            options = {};","            local.buildLib(options, onError);","        };","","        local.testCase_buildReadme_default = local.testCase_buildReadme_default || function (","            options,","            onError","        ) {","        /*","         * this function will test buildReadme's default handling-behavior-behavior","         */","            options = {};","            local.buildReadme(options, onError);","        };","","        local.testCase_buildTest_default = local.testCase_buildTest_default || function (","            options,","            onError","        ) {","        /*","         * this function will test buildTest's default handling-behavior","         */","            options = {};","            local.buildTest(options, onError);","        };","","        local.testCase_webpage_default = local.testCase_webpage_default || function (","            options,","            onError","        ) {","        /*","         * this function will test webpage's default handling-behavior","         */","            options = { modeCoverageMerge: true, url: local.serverLocalHost + '?modeTest=1' };","            local.browserTest(options, onError);","        };","","        // run test-server","        local.testRunServer(local);","        break;","    }","}());",""],"l":{"12":2,"14":2,"19":2,"21":2,"23":2,"24":2,"25":2,"30":1,"37":2,"40":2,"43":1,"47":1,"50":1,"52":1,"55":2,"61":2,"62":2,"64":2,"70":1,"76":1,"82":2,"83":2,"85":2,"91":1,"98":1,"102":1,"105":1,"112":1,"119":1,"120":1,"123":1,"130":1,"131":1,"132":1,"133":1,"134":1,"135":1,"138":1,"143":2,"144":2,"147":1,"154":2,"155":2,"158":1,"165":2,"166":2,"169":1,"176":2,"177":2,"180":1,"187":1,"188":1,"192":1,"193":1}},"/home/travis/build/npmtest/node-npmtest-google-closure-compiler/lib.npmtest_google_closure_compiler.js":{"path":"/home/travis/build/npmtest/node-npmtest-google-closure-compiler/lib.npmtest_google_closure_compiler.js","s":{"1":2,"2":2,"3":2,"4":2,"5":2,"6":2,"7":2,"8":1,"9":2,"10":2,"11":2,"12":2,"13":1,"14":1,"15":1,"16":1},"b":{"1":[2,1,1,1],"2":[1,1,1,1],"3":[1,1],"4":[2,2],"5":[1,1]},"f":{"1":2,"2":2,"3":2},"fnMap":{"1":{"name":"(anonymous_1)","line":12,"loc":{"start":{"line":12,"column":1},"end":{"line":12,"column":13}}},"2":{"name":"(anonymous_2)","line":19,"loc":{"start":{"line":19,"column":5},"end":{"line":19,"column":17}}},"3":{"name":"(anonymous_3)","line":23,"loc":{"start":{"line":23,"column":24},"end":{"line":23,"column":36}}}},"statementMap":{"1":{"start":{"line":12,"column":0},"end":{"line":53,"column":5}},"2":{"start":{"line":14,"column":4},"end":{"line":14,"column":14}},"3":{"start":{"line":19,"column":4},"end":{"line":52,"column":9}},"4":{"start":{"line":21,"column":8},"end":{"line":21,"column":19}},"5":{"start":{"line":23,"column":8},"end":{"line":35,"column":13}},"6":{"start":{"line":24,"column":12},"end":{"line":34,"column":13}},"7":{"start":{"line":25,"column":16},"end":{"line":28,"column":30}},"8":{"start":{"line":30,"column":16},"end":{"line":33,"column":27}},"9":{"start":{"line":37,"column":8},"end":{"line":39,"column":21}},"10":{"start":{"line":41,"column":8},"end":{"line":41,"column":54}},"11":{"start":{"line":43,"column":8},"end":{"line":43,"column":68}},"12":{"start":{"line":45,"column":8},"end":{"line":51,"column":9}},"13":{"start":{"line":46,"column":12},"end":{"line":46,"column":74}},"14":{"start":{"line":48,"column":12},"end":{"line":48,"column":35}},"15":{"start":{"line":49,"column":12},"end":{"line":49,"column":49}},"16":{"start":{"line":50,"column":12},"end":{"line":50,"column":43}}},"branchMap":{"1":{"line":25,"type":"binary-expr","locations":[{"start":{"line":25,"column":23},"end":{"line":25,"column":62}},{"start":{"line":26,"column":20},"end":{"line":26,"column":70}},{"start":{"line":27,"column":20},"end":{"line":27,"column":71}},{"start":{"line":28,"column":20},"end":{"line":28,"column":29}}]},"2":{"line":30,"type":"binary-expr","locations":[{"start":{"line":30,"column":23},"end":{"line":30,"column":37}},{"start":{"line":31,"column":20},"end":{"line":31,"column":61}},{"start":{"line":32,"column":20},"end":{"line":32,"column":70}},{"start":{"line":33,"column":20},"end":{"line":33,"column":26}}]},"3":{"line":37,"type":"cond-expr","locations":[{"start":{"line":38,"column":14},"end":{"line":38,"column":20}},{"start":{"line":39,"column":14},"end":{"line":39,"column":20}}]},"4":{"line":41,"type":"binary-expr","locations":[{"start":{"line":41,"column":16},"end":{"line":41,"column":44}},{"start":{"line":41,"column":48},"end":{"line":41,"column":53}}]},"5":{"line":45,"type":"if","locations":[{"start":{"line":45,"column":8},"end":{"line":45,"column":8}},{"start":{"line":45,"column":8},"end":{"line":45,"column":8}}]}},"code":["/* istanbul instrument in package npmtest_google_closure_compiler */","/*jslint","    bitwise: true,","    browser: true,","    maxerr: 8,","    maxlen: 96,","    node: true,","    nomen: true,","    regexp: true,","    stupid: true","*/","(function () {","    'use strict';","    var local;","","","","    // run shared js-env code - pre-init","    (function () {","        // init local","        local = {};","        // init modeJs","        local.modeJs = (function () {","            try {","                return typeof navigator.userAgent === 'string' &&","                    typeof document.querySelector('body') === 'object' &&","                    typeof XMLHttpRequest.prototype.open === 'function' &&","                    'browser';","            } catch (errorCaughtBrowser) {","                return module.exports &&","                    typeof process.versions.node === 'string' &&","                    typeof require('http').createServer === 'function' &&","                    'node';","            }","        }());","        // init global","        local.global = local.modeJs === 'browser'","            ? window","            : global;","        // init utility2_rollup","        local = local.global.utility2_rollup || local;","        // init lib","        local.local = local.npmtest_google_closure_compiler = local;","        // init exports","        if (local.modeJs === 'browser') {","            local.global.utility2_npmtest_google_closure_compiler = local;","        } else {","            module.exports = local;","            module.exports.__dirname = __dirname;","            module.exports.module = module;","        }","    }());","}());",""],"l":{"12":2,"14":2,"19":2,"21":2,"23":2,"24":2,"25":2,"30":1,"37":2,"41":2,"43":2,"45":2,"46":1,"48":1,"49":1,"50":1}},"/home/travis/build/npmtest/node-npmtest-google-closure-compiler/example.js":{"path":"/home/travis/build/npmtest/node-npmtest-google-closure-compiler/example.js","s":{"1":2,"2":2,"3":2,"4":2,"5":2,"6":2,"7":2,"8":1,"9":2,"10":2,"11":2,"12":2,"13":1,"14":2,"15":2,"16":2,"17":2,"18":2,"19":0,"20":2,"21":1,"22":1,"23":1,"24":1,"25":1,"26":0,"27":0,"28":1,"29":1,"30":2,"31":0,"32":0,"33":0,"34":1,"35":2,"36":2,"37":3,"38":3,"39":3,"40":3,"41":0,"42":3,"43":3,"44":3,"45":1,"46":3,"47":1,"48":1,"49":1,"50":1,"51":1,"52":1,"53":1,"54":1,"55":1,"56":1,"57":0,"58":1,"59":6,"60":6,"61":1,"62":2,"63":0,"64":2,"65":1,"66":1,"67":0,"68":0,"69":0,"70":0,"71":0,"72":0,"73":0,"74":0,"75":0,"76":0,"77":0,"78":0,"79":0,"80":0,"81":0,"82":0,"83":0},"b":{"1":[2,1,1,1],"2":[1,1,1,1],"3":[1,1],"4":[2,2],"5":[1,1],"6":[1,1],"7":[2,0],"8":[2,1,1,1,1,1],"9":[0,2,0],"10":[1,1],"11":[2,1,1],"12":[1,0],"13":[0,2],"14":[2,0,0,0,0,0,0],"15":[0,3],"16":[3,0],"17":[1,1],"18":[0,1],"19":[1,2,0,2],"20":[1,0],"21":[1,1],"22":[0,0],"23":[0,0],"24":[0,0],"25":[0,0],"26":[0,0],"27":[0,0],"28":[0,0]},"f":{"1":2,"2":2,"3":2,"4":2,"5":2,"6":2,"7":3,"8":3,"9":3,"10":1,"11":6,"12":0},"fnMap":{"1":{"name":"(anonymous_1)","line":26,"loc":{"start":{"line":26,"column":1},"end":{"line":26,"column":13}}},"2":{"name":"(anonymous_2)","line":33,"loc":{"start":{"line":33,"column":5},"end":{"line":33,"column":17}}},"3":{"name":"(anonymous_3)","line":37,"loc":{"start":{"line":37,"column":24},"end":{"line":37,"column":36}}},"4":{"name":"(anonymous_4)","line":69,"loc":{"start":{"line":69,"column":31},"end":{"line":69,"column":48}},"skip":true},"5":{"name":"(anonymous_5)","line":78,"loc":{"start":{"line":78,"column":26},"end":{"line":78,"column":45}},"skip":true},"6":{"name":"(anonymous_6)","line":123,"loc":{"start":{"line":123,"column":33},"end":{"line":123,"column":48}},"skip":true},"7":{"name":"(anonymous_7)","line":125,"loc":{"start":{"line":125,"column":27},"end":{"line":125,"column":39}},"skip":true},"8":{"name":"(anonymous_8)","line":133,"loc":{"start":{"line":133,"column":59},"end":{"line":133,"column":74}},"skip":true},"9":{"name":"(anonymous_9)","line":143,"loc":{"start":{"line":143,"column":45},"end":{"line":143,"column":62}},"skip":true},"10":{"name":"(anonymous_10)","line":144,"loc":{"start":{"line":144,"column":73},"end":{"line":144,"column":92}},"skip":true},"11":{"name":"(anonymous_11)","line":272,"loc":{"start":{"line":272,"column":51},"end":{"line":272,"column":77}},"skip":true},"12":{"name":"(anonymous_12)","line":315,"loc":{"start":{"line":315,"column":32},"end":{"line":315,"column":61}},"skip":true}},"statementMap":{"1":{"start":{"line":26,"column":0},"end":{"line":326,"column":5}},"2":{"start":{"line":28,"column":4},"end":{"line":28,"column":14}},"3":{"start":{"line":33,"column":4},"end":{"line":60,"column":9}},"4":{"start":{"line":35,"column":8},"end":{"line":35,"column":19}},"5":{"start":{"line":37,"column":8},"end":{"line":49,"column":13}},"6":{"start":{"line":38,"column":12},"end":{"line":48,"column":13}},"7":{"start":{"line":39,"column":16},"end":{"line":42,"column":30}},"8":{"start":{"line":44,"column":16},"end":{"line":47,"column":27}},"9":{"start":{"line":51,"column":8},"end":{"line":53,"column":21}},"10":{"start":{"line":55,"column":8},"end":{"line":57,"column":45}},"11":{"start":{"line":59,"column":8},"end":{"line":59,"column":35}},"12":{"start":{"line":61,"column":4},"end":{"line":325,"column":5}},"13":{"start":{"line":69,"column":8},"end":{"line":121,"column":10},"skip":true},"14":{"start":{"line":70,"column":12},"end":{"line":88,"column":13},"skip":true},"15":{"start":{"line":76,"column":16},"end":{"line":87,"column":19},"skip":true},"16":{"start":{"line":79,"column":20},"end":{"line":86,"column":21},"skip":true},"17":{"start":{"line":82,"column":24},"end":{"line":82,"column":43},"skip":true},"18":{"start":{"line":83,"column":24},"end":{"line":83,"column":30},"skip":true},"19":{"start":{"line":85,"column":24},"end":{"line":85,"column":49},"skip":true},"20":{"start":{"line":89,"column":12},"end":{"line":107,"column":13},"skip":true},"21":{"start":{"line":92,"column":16},"end":{"line":102,"column":17},"skip":true},"22":{"start":{"line":93,"column":20},"end":{"line":93,"column":86},"skip":true},"23":{"start":{"line":94,"column":20},"end":{"line":95,"column":45},"skip":true},"24":{"start":{"line":96,"column":20},"end":{"line":96,"column":42},"skip":true},"25":{"start":{"line":97,"column":20},"end":{"line":97,"column":48},"skip":true},"26":{"start":{"line":100,"column":20},"end":{"line":100,"column":85},"skip":true},"27":{"start":{"line":101,"column":20},"end":{"line":101,"column":96},"skip":true},"28":{"start":{"line":103,"column":16},"end":{"line":103,"column":22},"skip":true},"29":{"start":{"line":106,"column":16},"end":{"line":106,"column":22},"skip":true},"30":{"start":{"line":108,"column":12},"end":{"line":120,"column":13},"skip":true},"31":{"start":{"line":114,"column":16},"end":{"line":119,"column":17},"skip":true},"32":{"start":{"line":116,"column":20},"end":{"line":116,"column":78},"skip":true},"33":{"start":{"line":118,"column":20},"end":{"line":118,"column":47},"skip":true},"34":{"start":{"line":123,"column":8},"end":{"line":141,"column":11},"skip":true},"35":{"start":{"line":124,"column":12},"end":{"line":124,"column":54},"skip":true},"36":{"start":{"line":125,"column":12},"end":{"line":140,"column":14},"skip":true},"37":{"start":{"line":126,"column":16},"end":{"line":126,"column":28},"skip":true},"38":{"start":{"line":127,"column":16},"end":{"line":127,"column":69},"skip":true},"39":{"start":{"line":128,"column":16},"end":{"line":128,"column":75},"skip":true},"40":{"start":{"line":129,"column":16},"end":{"line":131,"column":17},"skip":true},"41":{"start":{"line":130,"column":20},"end":{"line":130,"column":27},"skip":true},"42":{"start":{"line":133,"column":16},"end":{"line":137,"column":36},"skip":true},"43":{"start":{"line":134,"column":20},"end":{"line":136,"column":55},"skip":true},"44":{"start":{"line":139,"column":16},"end":{"line":139,"column":57},"skip":true},"45":{"start":{"line":143,"column":8},"end":{"line":147,"column":11},"skip":true},"46":{"start":{"line":144,"column":12},"end":{"line":146,"column":15},"skip":true},"47":{"start":{"line":145,"column":16},"end":{"line":145,"column":70},"skip":true},"48":{"start":{"line":149,"column":8},"end":{"line":149,"column":31},"skip":true},"49":{"start":{"line":150,"column":8},"end":{"line":150,"column":14},"skip":true},"50":{"start":{"line":158,"column":8},"end":{"line":158,"column":31},"skip":true},"51":{"start":{"line":160,"column":8},"end":{"line":160,"column":33},"skip":true},"52":{"start":{"line":161,"column":8},"end":{"line":161,"column":37},"skip":true},"53":{"start":{"line":162,"column":8},"end":{"line":162,"column":35},"skip":true},"54":{"start":{"line":164,"column":8},"end":{"line":164,"column":50},"skip":true},"55":{"start":{"line":166,"column":8},"end":{"line":256,"column":2},"skip":true},"56":{"start":{"line":258,"column":8},"end":{"line":286,"column":9},"skip":true},"57":{"start":{"line":259,"column":12},"end":{"line":269,"column":14},"skip":true},"58":{"start":{"line":271,"column":12},"end":{"line":285,"column":19},"skip":true},"59":{"start":{"line":274,"column":20},"end":{"line":274,"column":35},"skip":true},"60":{"start":{"line":275,"column":20},"end":{"line":284,"column":21},"skip":true},"61":{"start":{"line":277,"column":24},"end":{"line":277,"column":64},"skip":true},"62":{"start":{"line":279,"column":24},"end":{"line":279,"column":40},"skip":true},"63":{"start":{"line":281,"column":24},"end":{"line":281,"column":40},"skip":true},"64":{"start":{"line":283,"column":24},"end":{"line":283,"column":39},"skip":true},"65":{"start":{"line":288,"column":8},"end":{"line":290,"column":9},"skip":true},"66":{"start":{"line":289,"column":12},"end":{"line":289,"column":18},"skip":true},"67":{"start":{"line":291,"column":8},"end":{"line":293,"column":54},"skip":true},"68":{"start":{"line":296,"column":8},"end":{"line":301,"column":37},"skip":true},"69":{"start":{"line":303,"column":8},"end":{"line":303,"column":82},"skip":true},"70":{"start":{"line":306,"column":8},"end":{"line":308,"column":9},"skip":true},"71":{"start":{"line":307,"column":12},"end":{"line":307,"column":82},"skip":true},"72":{"start":{"line":310,"column":8},"end":{"line":312,"column":9},"skip":true},"73":{"start":{"line":311,"column":12},"end":{"line":311,"column":18},"skip":true},"74":{"start":{"line":313,"column":8},"end":{"line":313,"column":54},"skip":true},"75":{"start":{"line":314,"column":8},"end":{"line":314,"column":69},"skip":true},"76":{"start":{"line":315,"column":8},"end":{"line":323,"column":36},"skip":true},"77":{"start":{"line":316,"column":12},"end":{"line":316,"column":61},"skip":true},"78":{"start":{"line":317,"column":12},"end":{"line":320,"column":13},"skip":true},"79":{"start":{"line":318,"column":16},"end":{"line":318,"column":75},"skip":true},"80":{"start":{"line":319,"column":16},"end":{"line":319,"column":23},"skip":true},"81":{"start":{"line":321,"column":12},"end":{"line":321,"column":38},"skip":true},"82":{"start":{"line":322,"column":12},"end":{"line":322,"column":27},"skip":true},"83":{"start":{"line":324,"column":8},"end":{"line":324,"column":14},"skip":true}},"branchMap":{"1":{"line":39,"type":"binary-expr","locations":[{"start":{"line":39,"column":23},"end":{"line":39,"column":62}},{"start":{"line":40,"column":20},"end":{"line":40,"column":70}},{"start":{"line":41,"column":20},"end":{"line":41,"column":71}},{"start":{"line":42,"column":20},"end":{"line":42,"column":29}}]},"2":{"line":44,"type":"binary-expr","locations":[{"start":{"line":44,"column":23},"end":{"line":44,"column":37}},{"start":{"line":45,"column":20},"end":{"line":45,"column":61}},{"start":{"line":46,"column":20},"end":{"line":46,"column":70}},{"start":{"line":47,"column":20},"end":{"line":47,"column":26}}]},"3":{"line":51,"type":"cond-expr","locations":[{"start":{"line":52,"column":14},"end":{"line":52,"column":20}},{"start":{"line":53,"column":14},"end":{"line":53,"column":20}}]},"4":{"line":55,"type":"binary-expr","locations":[{"start":{"line":55,"column":16},"end":{"line":55,"column":44}},{"start":{"line":55,"column":49},"end":{"line":57,"column":43}}]},"5":{"line":55,"type":"cond-expr","locations":[{"start":{"line":56,"column":14},"end":{"line":56,"column":67}},{"start":{"line":57,"column":14},"end":{"line":57,"column":43}}]},"6":{"line":61,"type":"switch","locations":[{"start":{"line":68,"column":4},"end":{"line":150,"column":14},"skip":true},{"start":{"line":156,"column":4},"end":{"line":324,"column":14},"skip":true}]},"7":{"line":70,"type":"if","locations":[{"start":{"line":70,"column":12},"end":{"line":70,"column":12},"skip":true},{"start":{"line":70,"column":12},"end":{"line":70,"column":12},"skip":true}]},"8":{"line":70,"type":"binary-expr","locations":[{"start":{"line":70,"column":16},"end":{"line":70,"column":22},"skip":true},{"start":{"line":70,"column":27},"end":{"line":70,"column":32},"skip":true},{"start":{"line":71,"column":20},"end":{"line":71,"column":39},"skip":true},{"start":{"line":72,"column":20},"end":{"line":72,"column":49},"skip":true},{"start":{"line":73,"column":20},"end":{"line":73,"column":58},"skip":true},{"start":{"line":74,"column":20},"end":{"line":74,"column":69},"skip":true}]},"9":{"line":79,"type":"switch","locations":[{"start":{"line":80,"column":20},"end":{"line":80,"column":33},"skip":true},{"start":{"line":81,"column":20},"end":{"line":83,"column":30},"skip":true},{"start":{"line":84,"column":20},"end":{"line":85,"column":49},"skip":true}]},"10":{"line":89,"type":"switch","locations":[{"start":{"line":90,"column":12},"end":{"line":103,"column":22},"skip":true},{"start":{"line":105,"column":12},"end":{"line":106,"column":22},"skip":true}]},"11":{"line":89,"type":"binary-expr","locations":[{"start":{"line":89,"column":20},"end":{"line":89,"column":25},"skip":true},{"start":{"line":89,"column":29},"end":{"line":89,"column":48},"skip":true},{"start":{"line":89,"column":52},"end":{"line":89,"column":74},"skip":true}]},"12":{"line":92,"type":"if","locations":[{"start":{"line":92,"column":16},"end":{"line":92,"column":16},"skip":true},{"start":{"line":92,"column":16},"end":{"line":92,"column":16},"skip":true}]},"13":{"line":108,"type":"if","locations":[{"start":{"line":108,"column":12},"end":{"line":108,"column":12},"skip":true},{"start":{"line":108,"column":12},"end":{"line":108,"column":12},"skip":true}]},"14":{"line":108,"type":"binary-expr","locations":[{"start":{"line":108,"column":16},"end":{"line":108,"column":61},"skip":true},{"start":{"line":108,"column":66},"end":{"line":108,"column":72},"skip":true},{"start":{"line":108,"column":77},"end":{"line":108,"column":82},"skip":true},{"start":{"line":109,"column":20},"end":{"line":109,"column":39},"skip":true},{"start":{"line":110,"column":20},"end":{"line":110,"column":49},"skip":true},{"start":{"line":111,"column":20},"end":{"line":111,"column":58},"skip":true},{"start":{"line":112,"column":20},"end":{"line":112,"column":68},"skip":true}]},"15":{"line":129,"type":"if","locations":[{"start":{"line":129,"column":16},"end":{"line":129,"column":16},"skip":true},{"start":{"line":129,"column":16},"end":{"line":129,"column":16},"skip":true}]},"16":{"line":134,"type":"cond-expr","locations":[{"start":{"line":135,"column":26},"end":{"line":135,"column":29},"skip":true},{"start":{"line":136,"column":26},"end":{"line":136,"column":54},"skip":true}]},"17":{"line":164,"type":"binary-expr","locations":[{"start":{"line":164,"column":27},"end":{"line":164,"column":43},"skip":true},{"start":{"line":164,"column":47},"end":{"line":164,"column":49},"skip":true}]},"18":{"line":258,"type":"if","locations":[{"start":{"line":258,"column":8},"end":{"line":258,"column":8},"skip":true},{"start":{"line":258,"column":8},"end":{"line":258,"column":8},"skip":true}]},"19":{"line":275,"type":"switch","locations":[{"start":{"line":276,"column":20},"end":{"line":277,"column":64},"skip":true},{"start":{"line":278,"column":20},"end":{"line":279,"column":40},"skip":true},{"start":{"line":280,"column":20},"end":{"line":281,"column":40},"skip":true},{"start":{"line":282,"column":20},"end":{"line":283,"column":39},"skip":true}]},"20":{"line":288,"type":"if","locations":[{"start":{"line":288,"column":8},"end":{"line":288,"column":8},"skip":true},{"start":{"line":288,"column":8},"end":{"line":288,"column":8},"skip":true}]},"21":{"line":288,"type":"binary-expr","locations":[{"start":{"line":288,"column":12},"end":{"line":288,"column":40},"skip":true},{"start":{"line":288,"column":44},"end":{"line":288,"column":67},"skip":true}]},"22":{"line":292,"type":"binary-expr","locations":[{"start":{"line":292,"column":12},"end":{"line":292,"column":50},"skip":true},{"start":{"line":293,"column":12},"end":{"line":293,"column":53},"skip":true}]},"23":{"line":297,"type":"binary-expr","locations":[{"start":{"line":297,"column":12},"end":{"line":297,"column":81},"skip":true},{"start":{"line":298,"column":12},"end":{"line":301,"column":36},"skip":true}]},"24":{"line":303,"type":"binary-expr","locations":[{"start":{"line":303,"column":43},"end":{"line":303,"column":75},"skip":true},{"start":{"line":303,"column":79},"end":{"line":303,"column":81},"skip":true}]},"25":{"line":306,"type":"if","locations":[{"start":{"line":306,"column":8},"end":{"line":306,"column":8},"skip":true},{"start":{"line":306,"column":8},"end":{"line":306,"column":8},"skip":true}]},"26":{"line":310,"type":"if","locations":[{"start":{"line":310,"column":8},"end":{"line":310,"column":8},"skip":true},{"start":{"line":310,"column":8},"end":{"line":310,"column":8},"skip":true}]},"27":{"line":313,"type":"binary-expr","locations":[{"start":{"line":313,"column":27},"end":{"line":313,"column":43},"skip":true},{"start":{"line":313,"column":47},"end":{"line":313,"column":53},"skip":true}]},"28":{"line":317,"type":"if","locations":[{"start":{"line":317,"column":12},"end":{"line":317,"column":12},"skip":true},{"start":{"line":317,"column":12},"end":{"line":317,"column":12},"skip":true}]}},"code":["/*","example.js","","quickstart example","","instruction","    1. save this script as example.js","    2. run the shell command:","        $ npm install npmtest-google-closure-compiler && PORT=8081 node example.js","    3. play with the browser-demo on http://127.0.0.1:8081","*/","","","","/* istanbul instrument in package npmtest_google_closure_compiler */","/*jslint","    bitwise: true,","    browser: true,","    maxerr: 8,","    maxlen: 96,","    node: true,","    nomen: true,","    regexp: true,","    stupid: true","*/","(function () {","    'use strict';","    var local;","","","","    // run shared js-env code - pre-init","    (function () {","        // init local","        local = {};","        // init modeJs","        local.modeJs = (function () {","            try {","                return typeof navigator.userAgent === 'string' &&","                    typeof document.querySelector('body') === 'object' &&","                    typeof XMLHttpRequest.prototype.open === 'function' &&","                    'browser';","            } catch (errorCaughtBrowser) {","                return module.exports &&","                    typeof process.versions.node === 'string' &&","                    typeof require('http').createServer === 'function' &&","                    'node';","            }","        }());","        // init global","        local.global = local.modeJs === 'browser'","            ? window","            : global;","        // init utility2_rollup","        local = local.global.utility2_rollup || (local.modeJs === 'browser'","            ? local.global.utility2_npmtest_google_closure_compiler","            : global.utility2_moduleExports);","        // export local","        local.global.local = local;","    }());","    switch (local.modeJs) {","","","","    // post-init","    // run browser js-env code - post-init","    /* istanbul ignore next */","    case 'browser':","        local.testRunBrowser = function (event) {","            if (!event || (event &&","                    event.currentTarget &&","                    event.currentTarget.className &&","                    event.currentTarget.className.includes &&","                    event.currentTarget.className.includes('onreset'))) {","                // reset output","                Array.from(","                    document.querySelectorAll('body > .resettable')","                ).forEach(function (element) {","                    switch (element.tagName) {","                    case 'INPUT':","                    case 'TEXTAREA':","                        element.value = '';","                        break;","                    default:","                        element.textContent = '';","                    }","                });","            }","            switch (event && event.currentTarget && event.currentTarget.id) {","            case 'testRunButton1':","                // show tests","                if (document.querySelector('#testReportDiv1').style.display === 'none') {","                    document.querySelector('#testReportDiv1').style.display = 'block';","                    document.querySelector('#testRunButton1').textContent =","                        'hide internal test';","                    local.modeTest = true;","                    local.testRunDefault(local);","                // hide tests","                } else {","                    document.querySelector('#testReportDiv1').style.display = 'none';","                    document.querySelector('#testRunButton1').textContent = 'run internal test';","                }","                break;","            // custom-case","            default:","                break;","            }","            if (document.querySelector('#inputTextareaEval1') && (!event || (event &&","                    event.currentTarget &&","                    event.currentTarget.className &&","                    event.currentTarget.className.includes &&","                    event.currentTarget.className.includes('oneval')))) {","                // try to eval input-code","                try {","                    /*jslint evil: true*/","                    eval(document.querySelector('#inputTextareaEval1').value);","                } catch (errorCaught) {","                    console.error(errorCaught);","                }","            }","        };","        // log stderr and stdout to #outputTextareaStdout1","        ['error', 'log'].forEach(function (key) {","            console[key + '_original'] = console[key];","            console[key] = function () {","                var element;","                console[key + '_original'].apply(console, arguments);","                element = document.querySelector('#outputTextareaStdout1');","                if (!element) {","                    return;","                }","                // append text to #outputTextareaStdout1","                element.value += Array.from(arguments).map(function (arg) {","                    return typeof arg === 'string'","                        ? arg","                        : JSON.stringify(arg, null, 4);","                }).join(' ') + '\\n';","                // scroll textarea to bottom","                element.scrollTop = element.scrollHeight;","            };","        });","        // init event-handling","        ['change', 'click', 'keyup'].forEach(function (event) {","            Array.from(document.querySelectorAll('.on' + event)).forEach(function (element) {","                element.addEventListener(event, local.testRunBrowser);","            });","        });","        // run tests","        local.testRunBrowser();","        break;","","","","    // run node js-env code - post-init","    /* istanbul ignore next */","    case 'node':","        // export local","        module.exports = local;","        // require modules","        local.fs = require('fs');","        local.http = require('http');","        local.url = require('url');","        // init assets","        local.assetsDict = local.assetsDict || {};","        /* jslint-ignore-begin */","        local.assetsDict['/assets.index.template.html'] = '\\","<!doctype html>\\n\\","<html lang=\"en\">\\n\\","<head>\\n\\","<meta charset=\"UTF-8\">\\n\\","<meta name=\"viewport\" content=\"width=device-width, initial-scale=1\">\\n\\","<title>{{env.npm_package_name}} (v{{env.npm_package_version}})</title>\\n\\","<style>\\n\\","/*csslint\\n\\","    box-sizing: false,\\n\\","    universal-selector: false\\n\\","*/\\n\\","* {\\n\\","    box-sizing: border-box;\\n\\","}\\n\\","body {\\n\\","    background: #dde;\\n\\","    font-family: Arial, Helvetica, sans-serif;\\n\\","    margin: 2rem;\\n\\","}\\n\\","body > * {\\n\\","    margin-bottom: 1rem;\\n\\","}\\n\\",".utility2FooterDiv {\\n\\","    margin-top: 20px;\\n\\","    text-align: center;\\n\\","}\\n\\","</style>\\n\\","<style>\\n\\","/*csslint\\n\\","*/\\n\\","textarea {\\n\\","    font-family: monospace;\\n\\","    height: 10rem;\\n\\","    width: 100%;\\n\\","}\\n\\","textarea[readonly] {\\n\\","    background: #ddd;\\n\\","}\\n\\","</style>\\n\\","</head>\\n\\","<body>\\n\\","<!-- utility2-comment\\n\\","<div id=\"ajaxProgressDiv1\" style=\"background: #d00; height: 2px; left: 0; margin: 0; padding: 0; position: fixed; top: 0; transition: background 0.5s, width 1.5s; width: 25%;\"></div>\\n\\","utility2-comment -->\\n\\","<h1>\\n\\","<!-- utility2-comment\\n\\","    <a\\n\\","        {{#if env.npm_package_homepage}}\\n\\","        href=\"{{env.npm_package_homepage}}\"\\n\\","        {{/if env.npm_package_homepage}}\\n\\","        target=\"_blank\"\\n\\","    >\\n\\","utility2-comment -->\\n\\","        {{env.npm_package_name}} (v{{env.npm_package_version}})\\n\\","<!-- utility2-comment\\n\\","    </a>\\n\\","utility2-comment -->\\n\\","</h1>\\n\\","<h3>{{env.npm_package_description}}</h3>\\n\\","<!-- utility2-comment\\n\\","<h4><a download href=\"assets.app.js\">download standalone app</a></h4>\\n\\","<button class=\"onclick onreset\" id=\"testRunButton1\">run internal test</button><br>\\n\\","<div id=\"testReportDiv1\" style=\"display: none;\"></div>\\n\\","utility2-comment -->\\n\\","\\n\\","\\n\\","\\n\\","<label>stderr and stdout</label>\\n\\","<textarea class=\"resettable\" id=\"outputTextareaStdout1\" readonly></textarea>\\n\\","<!-- utility2-comment\\n\\","{{#if isRollup}}\\n\\","<script src=\"assets.app.js\"></script>\\n\\","{{#unless isRollup}}\\n\\","utility2-comment -->\\n\\","<script src=\"assets.utility2.rollup.js\"></script>\\n\\","<script src=\"jsonp.utility2._stateInit?callback=window.utility2._stateInit\"></script>\\n\\","<script src=\"assets.npmtest_google_closure_compiler.rollup.js\"></script>\\n\\","<script src=\"assets.example.js\"></script>\\n\\","<script src=\"assets.test.js\"></script>\\n\\","<!-- utility2-comment\\n\\","{{/if isRollup}}\\n\\","utility2-comment -->\\n\\","<div class=\"utility2FooterDiv\">\\n\\","    [ this app was created with\\n\\","    <a href=\"https://github.com/kaizhu256/node-utility2\" target=\"_blank\">utility2</a>\\n\\","    ]\\n\\","</div>\\n\\","</body>\\n\\","</html>\\n\\","';","        /* jslint-ignore-end */","        if (local.templateRender) {","            local.assetsDict['/'] = local.templateRender(","                local.assetsDict['/assets.index.template.html'],","                {","                    env: local.objectSetDefault(local.env, {","                        npm_package_description: 'the greatest app in the world!',","                        npm_package_name: 'my-app',","                        npm_package_nameAlias: 'my_app',","                        npm_package_version: '0.0.1'","                    })","                }","            );","        } else {","            local.assetsDict['/'] = local.assetsDict['/assets.index.template.html']","                .replace((/\\{\\{env\\.(\\w+?)\\}\\}/g), function (match0, match1) {","                    // jslint-hack","                    String(match0);","                    switch (match1) {","                    case 'npm_package_description':","                        return 'the greatest app in the world!';","                    case 'npm_package_name':","                        return 'my-app';","                    case 'npm_package_nameAlias':","                        return 'my_app';","                    case 'npm_package_version':","                        return '0.0.1';","                    }","                });","        }","        // run the cli","        if (local.global.utility2_rollup || module !== require.main) {","            break;","        }","        local.assetsDict['/assets.example.js'] =","            local.assetsDict['/assets.example.js'] ||","            local.fs.readFileSync(__filename, 'utf8');","        // bug-workaround - long $npm_package_buildCustomOrg","        /* jslint-ignore-begin */","        local.assetsDict['/assets.npmtest_google_closure_compiler.rollup.js'] =","            local.assetsDict['/assets.npmtest_google_closure_compiler.rollup.js'] ||","            local.fs.readFileSync(","                local.npmtest_google_closure_compiler.__dirname + '/lib.npmtest_google_closure_compiler.js',","                'utf8'","            ).replace((/^#!/), '//');","        /* jslint-ignore-end */","        local.assetsDict['/favicon.ico'] = local.assetsDict['/favicon.ico'] || '';","        // if $npm_config_timeout_exit exists,","        // then exit this process after $npm_config_timeout_exit ms","        if (Number(process.env.npm_config_timeout_exit)) {","            setTimeout(process.exit, Number(process.env.npm_config_timeout_exit));","        }","        // start server","        if (local.global.utility2_serverHttp1) {","            break;","        }","        process.env.PORT = process.env.PORT || '8081';","        console.error('server starting on port ' + process.env.PORT);","        local.http.createServer(function (request, response) {","            request.urlParsed = local.url.parse(request.url);","            if (local.assetsDict[request.urlParsed.pathname] !== undefined) {","                response.end(local.assetsDict[request.urlParsed.pathname]);","                return;","            }","            response.statusCode = 404;","            response.end();","        }).listen(process.env.PORT);","        break;","    }","}());",""],"l":{"26":2,"28":2,"33":2,"35":2,"37":2,"38":2,"39":2,"44":1,"51":2,"55":2,"59":2,"61":2,"69":1,"70":2,"76":2,"79":2,"82":2,"83":2,"85":1,"89":2,"92":1,"93":1,"94":1,"96":1,"97":1,"100":1,"101":1,"103":1,"106":1,"108":2,"114":1,"116":1,"118":1,"123":1,"124":2,"125":2,"126":3,"127":3,"128":3,"129":3,"130":1,"133":3,"134":3,"139":3,"143":1,"144":3,"145":1,"149":1,"150":1,"158":1,"160":1,"161":1,"162":1,"164":1,"166":1,"258":1,"259":1,"271":1,"274":6,"275":6,"277":1,"279":2,"281":1,"283":2,"288":1,"289":1,"291":1,"296":1,"303":1,"306":1,"307":1,"310":1,"311":1,"313":1,"314":1,"315":1,"316":1,"317":1,"318":1,"319":1,"321":1,"322":1,"324":1}},"/home/travis/build/npmtest/node-npmtest-google-closure-compiler/node_modules/google-closure-compiler/index.js":{"path":"/home/travis/build/npmtest/node-npmtest-google-closure-compiler/node_modules/google-closure-compiler/index.js","s":{"1":1,"2":1,"3":1,"4":1},"b":{},"f":{},"fnMap":{},"statementMap":{"1":{"start":{"line":25,"column":0},"end":{"line":25,"column":42}},"2":{"start":{"line":26,"column":0},"end":{"line":26,"column":40}},"3":{"start":{"line":27,"column":0},"end":{"line":27,"column":54}},"4":{"start":{"line":29,"column":0},"end":{"line":33,"column":2}}},"branchMap":{},"code":["/*"," * Copyright 2015 The Closure Compiler Authors."," *"," * Licensed under the Apache License, Version 2.0 (the \"License\");"," * you may not use this file except in compliance with the License."," * You may obtain a copy of the License at"," *"," *     http://www.apache.org/licenses/LICENSE-2.0"," *"," * Unless required by applicable law or agreed to in writing, software"," * distributed under the License is distributed on an \"AS IS\" BASIS,"," * WITHOUT WARRANTIES OR CONDITIONS OF ANY KIND, either express or implied."," * See the License for the specific language governing permissions and"," * limitations under the License."," */","","/**"," * @fileoverview Nodejs plugins and build tools for Google Closure Compiler"," *"," * @author Chad Killingsworth (chadkillingsworth@gmail.com)"," */","","'use strict';","","var grunt_plugin = require('./lib/grunt');","var gulp_plugin = require('./lib/gulp');","var Compiler = require('./lib/node/closure-compiler');","","module.exports = {","  grunt: grunt_plugin,","  compiler: Compiler,","  gulp: gulp_plugin","};",""],"l":{"25":1,"26":1,"27":1,"29":1}},"/home/travis/build/npmtest/node-npmtest-google-closure-compiler/node_modules/google-closure-compiler/lib/grunt/index.js":{"path":"/home/travis/build/npmtest/node-npmtest-google-closure-compiler/node_modules/google-closure-compiler/lib/grunt/index.js","s":{"1":1,"2":0,"3":0,"4":0,"5":0,"6":0,"7":0,"8":0,"9":1,"10":0,"11":1,"12":0,"13":0,"14":0,"15":0,"16":0,"17":0,"18":0,"19":0,"20":0,"21":0,"22":0,"23":0,"24":0,"25":0,"26":0,"27":0,"28":0,"29":0,"30":0,"31":1,"32":0,"33":0,"34":0,"35":1,"36":0,"37":0,"38":0,"39":0,"40":0,"41":0,"42":0,"43":0,"44":0,"45":0,"46":0,"47":0,"48":0,"49":0,"50":0,"51":0,"52":0,"53":0,"54":0,"55":0,"56":0,"57":0,"58":0,"59":0,"60":0,"61":0},"b":{"1":[0,0],"2":[0,0],"3":[0,0],"4":[0,0],"5":[0,0],"6":[0,0],"7":[0,0],"8":[0,0]},"f":{"1":0,"2":0,"3":0,"4":0,"5":0,"6":0,"7":0,"8":0,"9":0,"10":0,"11":0,"12":0,"13":0,"14":0,"15":0},"fnMap":{"1":{"name":"(anonymous_1)","line":29,"loc":{"start":{"line":29,"column":17},"end":{"line":29,"column":49}}},"2":{"name":"compilationPromise","line":48,"loc":{"start":{"line":48,"column":2},"end":{"line":48,"column":46}}},"3":{"name":"logFile","line":50,"loc":{"start":{"line":50,"column":4},"end":{"line":50,"column":25}}},"4":{"name":"(anonymous_4)","line":64,"loc":{"start":{"line":64,"column":17},"end":{"line":64,"column":28}}},"5":{"name":"(anonymous_5)","line":68,"loc":{"start":{"line":68,"column":23},"end":{"line":68,"column":49}}},"6":{"name":"(anonymous_6)","line":84,"loc":{"start":{"line":84,"column":25},"end":{"line":84,"column":39}}},"7":{"name":"(anonymous_7)","line":88,"loc":{"start":{"line":88,"column":23},"end":{"line":88,"column":37}}},"8":{"name":"closureCompilerGruntTask","line":97,"loc":{"start":{"line":97,"column":2},"end":{"line":97,"column":38}}},"9":{"name":"getCompilerOptions","line":102,"loc":{"start":{"line":102,"column":4},"end":{"line":102,"column":34}}},"10":{"name":"(anonymous_10)","line":118,"loc":{"start":{"line":118,"column":29},"end":{"line":118,"column":42}}},"11":{"name":"(anonymous_11)","line":121,"loc":{"start":{"line":121,"column":29},"end":{"line":121,"column":49}}},"12":{"name":"(anonymous_12)","line":139,"loc":{"start":{"line":139,"column":16},"end":{"line":139,"column":28}}},"13":{"name":"(anonymous_13)","line":139,"loc":{"start":{"line":139,"column":32},"end":{"line":139,"column":46}}},"14":{"name":"(anonymous_14)","line":153,"loc":{"start":{"line":153,"column":35},"end":{"line":153,"column":47}}},"15":{"name":"(anonymous_15)","line":155,"loc":{"start":{"line":155,"column":7},"end":{"line":155,"column":19}}}},"statementMap":{"1":{"start":{"line":29,"column":0},"end":{"line":166,"column":2}},"2":{"start":{"line":30,"column":2},"end":{"line":30,"column":31}},"3":{"start":{"line":31,"column":2},"end":{"line":31,"column":46}},"4":{"start":{"line":32,"column":2},"end":{"line":32,"column":25}},"5":{"start":{"line":33,"column":2},"end":{"line":33,"column":29}},"6":{"start":{"line":34,"column":2},"end":{"line":34,"column":74}},"7":{"start":{"line":35,"column":2},"end":{"line":35,"column":46}},"8":{"start":{"line":36,"column":2},"end":{"line":41,"column":4}},"9":{"start":{"line":48,"column":2},"end":{"line":95,"column":3}},"10":{"start":{"line":49,"column":4},"end":{"line":49,"column":25}},"11":{"start":{"line":50,"column":4},"end":{"line":60,"column":5}},"12":{"start":{"line":52,"column":6},"end":{"line":58,"column":7}},"13":{"start":{"line":53,"column":8},"end":{"line":57,"column":9}},"14":{"start":{"line":54,"column":10},"end":{"line":54,"column":72}},"15":{"start":{"line":56,"column":10},"end":{"line":56,"column":48}},"16":{"start":{"line":59,"column":6},"end":{"line":59,"column":11}},"17":{"start":{"line":62,"column":4},"end":{"line":66,"column":7}},"18":{"start":{"line":68,"column":4},"end":{"line":94,"column":7}},"19":{"start":{"line":69,"column":6},"end":{"line":69,"column":17}},"20":{"start":{"line":70,"column":6},"end":{"line":82,"column":7}},"21":{"start":{"line":74,"column":8},"end":{"line":75,"column":62}},"22":{"start":{"line":80,"column":8},"end":{"line":80,"column":60}},"23":{"start":{"line":81,"column":8},"end":{"line":81,"column":21}},"24":{"start":{"line":84,"column":6},"end":{"line":87,"column":9}},"25":{"start":{"line":85,"column":8},"end":{"line":85,"column":24}},"26":{"start":{"line":86,"column":8},"end":{"line":86,"column":20}},"27":{"start":{"line":88,"column":6},"end":{"line":90,"column":9}},"28":{"start":{"line":89,"column":8},"end":{"line":89,"column":18}},"29":{"start":{"line":92,"column":6},"end":{"line":92,"column":33}},"30":{"start":{"line":93,"column":6},"end":{"line":93,"column":22}},"31":{"start":{"line":97,"column":2},"end":{"line":159,"column":3}},"32":{"start":{"line":98,"column":4},"end":{"line":98,"column":26}},"33":{"start":{"line":99,"column":4},"end":{"line":99,"column":33}},"34":{"start":{"line":100,"column":4},"end":{"line":100,"column":26}},"35":{"start":{"line":102,"column":4},"end":{"line":115,"column":5}},"36":{"start":{"line":103,"column":6},"end":{"line":105,"column":9}},"37":{"start":{"line":107,"column":6},"end":{"line":107,"column":27}},"38":{"start":{"line":109,"column":6},"end":{"line":109,"column":23}},"39":{"start":{"line":111,"column":6},"end":{"line":114,"column":7}},"40":{"start":{"line":118,"column":4},"end":{"line":142,"column":7}},"41":{"start":{"line":119,"column":6},"end":{"line":119,"column":41}},"42":{"start":{"line":121,"column":6},"end":{"line":127,"column":9}},"43":{"start":{"line":122,"column":8},"end":{"line":125,"column":9}},"44":{"start":{"line":123,"column":10},"end":{"line":123,"column":79}},"45":{"start":{"line":124,"column":10},"end":{"line":124,"column":23}},"46":{"start":{"line":126,"column":8},"end":{"line":126,"column":20}},"47":{"start":{"line":130,"column":6},"end":{"line":136,"column":7}},"48":{"start":{"line":131,"column":8},"end":{"line":132,"column":57}},"49":{"start":{"line":133,"column":8},"end":{"line":133,"column":15}},"50":{"start":{"line":135,"column":8},"end":{"line":135,"column":53}},"51":{"start":{"line":138,"column":6},"end":{"line":141,"column":14}},"52":{"start":{"line":140,"column":12},"end":{"line":140,"column":22}},"53":{"start":{"line":146,"column":4},"end":{"line":149,"column":5}},"54":{"start":{"line":147,"column":6},"end":{"line":147,"column":41}},"55":{"start":{"line":148,"column":6},"end":{"line":148,"column":88}},"56":{"start":{"line":153,"column":4},"end":{"line":158,"column":7}},"57":{"start":{"line":154,"column":6},"end":{"line":154,"column":18}},"58":{"start":{"line":156,"column":6},"end":{"line":156,"column":43}},"59":{"start":{"line":157,"column":6},"end":{"line":157,"column":18}},"60":{"start":{"line":161,"column":2},"end":{"line":163,"column":32}},"61":{"start":{"line":165,"column":2},"end":{"line":165,"column":34}}},"branchMap":{"1":{"line":52,"type":"if","locations":[{"start":{"line":52,"column":6},"end":{"line":52,"column":6}},{"start":{"line":52,"column":6},"end":{"line":52,"column":6}}]},"2":{"line":53,"type":"if","locations":[{"start":{"line":53,"column":8},"end":{"line":53,"column":8}},{"start":{"line":53,"column":8},"end":{"line":53,"column":8}}]},"3":{"line":70,"type":"if","locations":[{"start":{"line":70,"column":6},"end":{"line":70,"column":6}},{"start":{"line":70,"column":6},"end":{"line":70,"column":6}}]},"4":{"line":122,"type":"if","locations":[{"start":{"line":122,"column":8},"end":{"line":122,"column":8}},{"start":{"line":122,"column":8},"end":{"line":122,"column":8}}]},"5":{"line":130,"type":"if","locations":[{"start":{"line":130,"column":6},"end":{"line":130,"column":6}},{"start":{"line":130,"column":6},"end":{"line":130,"column":6}}]},"6":{"line":138,"type":"binary-expr","locations":[{"start":{"line":138,"column":48},"end":{"line":138,"column":60}},{"start":{"line":138,"column":64},"end":{"line":138,"column":84}}]},"7":{"line":146,"type":"if","locations":[{"start":{"line":146,"column":4},"end":{"line":146,"column":4}},{"start":{"line":146,"column":4},"end":{"line":146,"column":4}}]},"8":{"line":148,"type":"binary-expr","locations":[{"start":{"line":148,"column":49},"end":{"line":148,"column":61}},{"start":{"line":148,"column":65},"end":{"line":148,"column":85}}]}},"code":["/*"," * Copyright 2015 The Closure Compiler Authors."," *"," * Licensed under the Apache License, Version 2.0 (the \"License\");"," * you may not use this file except in compliance with the License."," * You may obtain a copy of the License at"," *"," *     http://www.apache.org/licenses/LICENSE-2.0"," *"," * Unless required by applicable law or agreed to in writing, software"," * distributed under the License is distributed on an \"AS IS\" BASIS,"," * WITHOUT WARRANTIES OR CONDITIONS OF ANY KIND, either express or implied."," * See the License for the specific language governing permissions and"," * limitations under the License."," */","","/**"," * @fileoverview Grunt task for closure-compiler."," * The task is simply a grunt wrapper for the gulp plugin. The gulp plugin"," * is used to stream multiple input files in via stdin. This alleviates"," * problems with the windows command shell which has restrictions on the"," * length of a command."," *"," * @author Chad Killingsworth (chadkillingsworth@gmail.com)"," */","","'use strict';","","module.exports = function(grunt, extraArguments) {","  var chalk = require('chalk');","  var VinylStream = require('./vinyl-stream');","  var fs = require('fs');","  var path = require('path');","  var gulpCompiler = require('../gulp')({extraArguments: extraArguments});","  var Transform = require('stream').Transform;","  var gulpCompilerOptions = {","    streamMode: 'IN',","    logger: grunt.log,","    pluginName: 'grunt-google-closure-compiler',","    requireStreamInput: false","  };","","  /**","   * @param {Array<string>}|null} files","   * @param {Object<string,string|boolean|Array<string>>|Array<string>} options","   * @return {Promise}","   */","  function compilationPromise(files, options) {","    var hadError = false;","    function logFile(cb) {","      // If an error was encoutered, it will have already been logged","      if (!hadError) {","        if (options.js_output_file) {","          grunt.log.ok(chalk.cyan(options.js_output_file) + ' created');","        } else {","          grunt.log.ok('Compilation succeeded');","        }","      }","      cb();","    }","","    var loggingStream = new Transform({","      objectMode: true,","      transform: function() {},","      flush: logFile","    });","","    return new Promise(function(resolve, reject) {","      var stream;","      if (files) {","        // Source files were provided by grunt. Read these","        // in to a stream of vinyl files and pipe them through","        // the compiler task","        stream = new VinylStream(files, {base: process.cwd()})","            .pipe(gulpCompiler(options, gulpCompilerOptions));","      } else {","        // No source files were provided. Assume the options specify","        // --js flags and invoke the compiler without any grunt inputs.","        // Manually end the stream to force compilation to begin.","        stream = gulpCompiler(options, gulpCompilerOptions);","        stream.end();","      }","","      stream.on('error', function(err) {","        hadError = true;","        reject(err);","      });","      stream.on('end', function(err) {","        resolve();","      });","","      stream.pipe(loggingStream);","      stream.resume(); //logging stream doesn't output files, so we have to manually resume;","    });","  }","","  function closureCompilerGruntTask() {","    var taskObject = this;","    var asyncDone = this.async();","    var compileTasks = [];","","    function getCompilerOptions() {","      var opts = taskObject.options({","        args: undefined","      });","","      var args = opts.args;","","      delete opts.args;","","      return {","        args: args,","        compilerOpts: opts","      }","    }","","    // Invoke the compiler once for each set of source files","    taskObject.files.forEach(function (f) {","      var options = getCompilerOptions();","","      var src = f.src.filter(function (filepath) {","        if (!grunt.file.exists(filepath)) {","          grunt.log.warn('Source file ' + chalk.cyan(filepath) + ' not found');","          return false;","        }","        return true;","      });","","      // Require source files","      if (src.length === 0) {","        grunt.log.warn('Destination ' + chalk.cyan(f.dest) +","            ' not written because src files were empty');","        return;","      } else {","        options.compilerOpts.js_output_file = f.dest;","      }","","      compileTasks.push(compilationPromise(src, options.args || options.compilerOpts)","          .then(function () {}, function(err) {","            throw err;","          }));","    });","","    // If the task was invoked without any files provided by grunt, assume that","    // --js flags are present and we want to run the compiler anyway.","    if (taskObject.files.length === 0) {","      var options = getCompilerOptions();","      compileTasks.push(compilationPromise(null, options.args || options.compilerOpts));","    }","","    // Multiple invocations of the compiler can occur for a single task target. Wait until","    // they are all completed before calling the \"done\" method.","    Promise.all(compileTasks).then(function () {","      asyncDone();","    }, function () {","      grunt.fail.warn('Compilation error');","      asyncDone();","    });","  }","","  grunt.registerMultiTask('closure-compiler',","      'Minify files with Google Closure Compiler',","      closureCompilerGruntTask);","","  return closureCompilerGruntTask;","};",""],"l":{"29":1,"30":0,"31":0,"32":0,"33":0,"34":0,"35":0,"36":0,"48":1,"49":0,"50":1,"52":0,"53":0,"54":0,"56":0,"59":0,"62":0,"68":0,"69":0,"70":0,"74":0,"80":0,"81":0,"84":0,"85":0,"86":0,"88":0,"89":0,"92":0,"93":0,"97":1,"98":0,"99":0,"100":0,"102":1,"103":0,"107":0,"109":0,"111":0,"118":0,"119":0,"121":0,"122":0,"123":0,"124":0,"126":0,"130":0,"131":0,"133":0,"135":0,"138":0,"140":0,"146":0,"147":0,"148":0,"153":0,"154":0,"156":0,"157":0,"161":0,"165":0}},"/home/travis/build/npmtest/node-npmtest-google-closure-compiler/node_modules/google-closure-compiler/lib/gulp/index.js":{"path":"/home/travis/build/npmtest/node-npmtest-google-closure-compiler/node_modules/google-closure-compiler/lib/gulp/index.js","s":{"1":1,"2":0,"3":0,"4":0,"5":0,"6":0,"7":0,"8":0,"9":0,"10":0,"11":0,"12":1,"13":0,"14":0,"15":0,"16":0,"17":0,"18":0,"19":0,"20":0,"21":0,"22":0,"23":0,"24":0,"25":0,"26":0,"27":0,"28":1,"29":0,"30":0,"31":0,"32":0,"33":0,"34":0,"35":0,"36":0,"37":0,"38":0,"39":0,"40":0,"41":0,"42":0,"43":0,"44":0,"45":0,"46":0,"47":0,"48":0,"49":0,"50":0,"51":0,"52":0,"53":0,"54":0,"55":0,"56":0,"57":0,"58":0,"59":0,"60":0,"61":0,"62":0,"63":0,"64":0,"65":0,"66":0,"67":0,"68":0,"69":0,"70":0,"71":0,"72":0,"73":0,"74":0,"75":0,"76":0,"77":0,"78":0,"79":0,"80":0,"81":0,"82":0,"83":0,"84":0,"85":0,"86":0,"87":0,"88":0,"89":0,"90":0,"91":0,"92":0,"93":0,"94":0,"95":0,"96":0,"97":0,"98":0,"99":0,"100":0,"101":0,"102":0,"103":0,"104":0,"105":0,"106":0,"107":0,"108":0,"109":0,"110":0,"111":0},"b":{"1":[0,0],"2":[0,0],"3":[0,0],"4":[0,0],"5":[0,0],"6":[0,0],"7":[0,0],"8":[0,0],"9":[0,0],"10":[0,0],"11":[0,0],"12":[0,0],"13":[0,0],"14":[0,0],"15":[0,0],"16":[0,0],"17":[0,0]},"f":{"1":0,"2":0,"3":0,"4":0,"5":0,"6":0,"7":0,"8":0,"9":0,"10":0,"11":0,"12":0,"13":0,"14":0,"15":0,"16":0,"17":0,"18":0,"19":0,"20":0,"21":0,"22":0},"fnMap":{"1":{"name":"(anonymous_1)","line":35,"loc":{"start":{"line":35,"column":17},"end":{"line":35,"column":39}}},"2":{"name":"CustomError","line":50,"loc":{"start":{"line":50,"column":2},"end":{"line":50,"column":36}}},"3":{"name":"CompilationStream","line":74,"loc":{"start":{"line":74,"column":2},"end":{"line":74,"column":64}}},"4":{"name":"(anonymous_4)","line":90,"loc":{"start":{"line":90,"column":36},"end":{"line":90,"column":47}}},"5":{"name":"(anonymous_5)","line":92,"loc":{"start":{"line":92,"column":22},"end":{"line":92,"column":33}}},"6":{"name":"(anonymous_6)","line":93,"loc":{"start":{"line":93,"column":52},"end":{"line":93,"column":63}}},"7":{"name":"(anonymous_7)","line":103,"loc":{"start":{"line":103,"column":43},"end":{"line":103,"column":67}}},"8":{"name":"(anonymous_8)","line":120,"loc":{"start":{"line":120,"column":39},"end":{"line":120,"column":52}}},"9":{"name":"(anonymous_9)","line":149,"loc":{"start":{"line":149,"column":38},"end":{"line":149,"column":54}}},"10":{"name":"(anonymous_10)","line":152,"loc":{"start":{"line":152,"column":38},"end":{"line":152,"column":54}}},"11":{"name":"(anonymous_11)","line":157,"loc":{"start":{"line":157,"column":18},"end":{"line":157,"column":36}}},"12":{"name":"(anonymous_12)","line":158,"loc":{"start":{"line":158,"column":36},"end":{"line":158,"column":51}}},"13":{"name":"(anonymous_13)","line":162,"loc":{"start":{"line":162,"column":18},"end":{"line":162,"column":36}}},"14":{"name":"(anonymous_14)","line":163,"loc":{"start":{"line":163,"column":41},"end":{"line":163,"column":52}}},"15":{"name":"(anonymous_15)","line":167,"loc":{"start":{"line":167,"column":18},"end":{"line":167,"column":36}}},"16":{"name":"(anonymous_16)","line":168,"loc":{"start":{"line":168,"column":41},"end":{"line":168,"column":52}}},"17":{"name":"(anonymous_17)","line":172,"loc":{"start":{"line":172,"column":13},"end":{"line":172,"column":31}}},"18":{"name":"(anonymous_18)","line":200,"loc":{"start":{"line":200,"column":86},"end":{"line":200,"column":107}}},"19":{"name":"(anonymous_19)","line":213,"loc":{"start":{"line":213,"column":33},"end":{"line":213,"column":48}}},"20":{"name":"(anonymous_20)","line":219,"loc":{"start":{"line":219,"column":39},"end":{"line":219,"column":53}}},"21":{"name":"(anonymous_21)","line":225,"loc":{"start":{"line":225,"column":50},"end":{"line":225,"column":61}}},"22":{"name":"(anonymous_22)","line":232,"loc":{"start":{"line":232,"column":9},"end":{"line":232,"column":54}}}},"statementMap":{"1":{"start":{"line":35,"column":0},"end":{"line":235,"column":2}},"2":{"start":{"line":36,"column":2},"end":{"line":36,"column":48}},"3":{"start":{"line":37,"column":2},"end":{"line":37,"column":47}},"4":{"start":{"line":38,"column":2},"end":{"line":38,"column":53}},"5":{"start":{"line":39,"column":2},"end":{"line":39,"column":33}},"6":{"start":{"line":41,"column":2},"end":{"line":41,"column":51}},"7":{"start":{"line":43,"column":2},"end":{"line":43,"column":83}},"8":{"start":{"line":44,"column":2},"end":{"line":44,"column":57}},"9":{"start":{"line":45,"column":2},"end":{"line":45,"column":29}},"10":{"start":{"line":46,"column":2},"end":{"line":46,"column":31}},"11":{"start":{"line":47,"column":2},"end":{"line":47,"column":30}},"12":{"start":{"line":50,"column":2},"end":{"line":56,"column":3}},"13":{"start":{"line":51,"column":4},"end":{"line":51,"column":46}},"14":{"start":{"line":52,"column":4},"end":{"line":52,"column":58}},"15":{"start":{"line":53,"column":4},"end":{"line":53,"column":30}},"16":{"start":{"line":54,"column":4},"end":{"line":54,"column":29}},"17":{"start":{"line":55,"column":4},"end":{"line":55,"column":22}},"18":{"start":{"line":57,"column":2},"end":{"line":57,"column":57}},"19":{"start":{"line":58,"column":2},"end":{"line":58,"column":39}},"20":{"start":{"line":60,"column":2},"end":{"line":60,"column":18}},"21":{"start":{"line":61,"column":2},"end":{"line":65,"column":3}},"22":{"start":{"line":62,"column":4},"end":{"line":62,"column":51}},"23":{"start":{"line":64,"column":4},"end":{"line":64,"column":30}},"24":{"start":{"line":67,"column":2},"end":{"line":67,"column":14}},"25":{"start":{"line":68,"column":2},"end":{"line":72,"column":3}},"26":{"start":{"line":69,"column":4},"end":{"line":69,"column":39}},"27":{"start":{"line":71,"column":4},"end":{"line":71,"column":22}},"28":{"start":{"line":74,"column":2},"end":{"line":86,"column":3}},"29":{"start":{"line":75,"column":4},"end":{"line":75,"column":52}},"30":{"start":{"line":77,"column":4},"end":{"line":77,"column":40}},"31":{"start":{"line":79,"column":4},"end":{"line":79,"column":50}},"32":{"start":{"line":80,"column":4},"end":{"line":80,"column":58}},"33":{"start":{"line":81,"column":4},"end":{"line":81,"column":51}},"34":{"start":{"line":82,"column":4},"end":{"line":82,"column":64}},"35":{"start":{"line":84,"column":4},"end":{"line":84,"column":24}},"36":{"start":{"line":85,"column":4},"end":{"line":85,"column":75}},"37":{"start":{"line":87,"column":2},"end":{"line":87,"column":74}},"38":{"start":{"line":90,"column":2},"end":{"line":100,"column":4}},"39":{"start":{"line":91,"column":4},"end":{"line":91,"column":38}},"40":{"start":{"line":92,"column":4},"end":{"line":98,"column":19}},"41":{"start":{"line":93,"column":6},"end":{"line":95,"column":10}},"42":{"start":{"line":94,"column":8},"end":{"line":94,"column":26}},"43":{"start":{"line":96,"column":6},"end":{"line":96,"column":29}},"44":{"start":{"line":97,"column":6},"end":{"line":97,"column":29}},"45":{"start":{"line":99,"column":4},"end":{"line":99,"column":16}},"46":{"start":{"line":103,"column":2},"end":{"line":118,"column":4}},"47":{"start":{"line":105,"column":4},"end":{"line":108,"column":5}},"48":{"start":{"line":106,"column":6},"end":{"line":106,"column":11}},"49":{"start":{"line":107,"column":6},"end":{"line":107,"column":13}},"50":{"start":{"line":110,"column":4},"end":{"line":114,"column":5}},"51":{"start":{"line":111,"column":6},"end":{"line":111,"column":88}},"52":{"start":{"line":112,"column":6},"end":{"line":112,"column":11}},"53":{"start":{"line":113,"column":6},"end":{"line":113,"column":13}},"54":{"start":{"line":116,"column":4},"end":{"line":116,"column":30}},"55":{"start":{"line":117,"column":4},"end":{"line":117,"column":9}},"56":{"start":{"line":120,"column":2},"end":{"line":229,"column":4}},"57":{"start":{"line":121,"column":4},"end":{"line":121,"column":81}},"58":{"start":{"line":122,"column":4},"end":{"line":136,"column":5}},"59":{"start":{"line":124,"column":6},"end":{"line":124,"column":46}},"60":{"start":{"line":127,"column":6},"end":{"line":131,"column":7}},"61":{"start":{"line":128,"column":8},"end":{"line":128,"column":25}},"62":{"start":{"line":129,"column":8},"end":{"line":129,"column":13}},"63":{"start":{"line":130,"column":8},"end":{"line":130,"column":15}},"64":{"start":{"line":135,"column":6},"end":{"line":135,"column":21}},"65":{"start":{"line":138,"column":4},"end":{"line":138,"column":81}},"66":{"start":{"line":143,"column":4},"end":{"line":143,"column":71}},"67":{"start":{"line":145,"column":4},"end":{"line":145,"column":41}},"68":{"start":{"line":147,"column":4},"end":{"line":147,"column":41}},"69":{"start":{"line":149,"column":4},"end":{"line":151,"column":7}},"70":{"start":{"line":150,"column":6},"end":{"line":150,"column":25}},"71":{"start":{"line":152,"column":4},"end":{"line":154,"column":7}},"72":{"start":{"line":153,"column":6},"end":{"line":153,"column":25}},"73":{"start":{"line":156,"column":4},"end":{"line":210,"column":19}},"74":{"start":{"line":158,"column":8},"end":{"line":160,"column":11}},"75":{"start":{"line":159,"column":10},"end":{"line":159,"column":24}},"76":{"start":{"line":163,"column":8},"end":{"line":165,"column":11}},"77":{"start":{"line":164,"column":10},"end":{"line":164,"column":20}},"78":{"start":{"line":168,"column":8},"end":{"line":170,"column":11}},"79":{"start":{"line":169,"column":10},"end":{"line":169,"column":20}},"80":{"start":{"line":173,"column":6},"end":{"line":173,"column":28}},"81":{"start":{"line":176,"column":6},"end":{"line":178,"column":7}},"82":{"start":{"line":177,"column":8},"end":{"line":177,"column":68}},"83":{"start":{"line":181,"column":6},"end":{"line":183,"column":7}},"84":{"start":{"line":182,"column":8},"end":{"line":182,"column":84}},"85":{"start":{"line":187,"column":6},"end":{"line":208,"column":7}},"86":{"start":{"line":188,"column":8},"end":{"line":188,"column":24}},"87":{"start":{"line":189,"column":8},"end":{"line":195,"column":9}},"88":{"start":{"line":190,"column":10},"end":{"line":190,"column":48}},"89":{"start":{"line":192,"column":10},"end":{"line":192,"column":101}},"90":{"start":{"line":193,"column":10},"end":{"line":193,"column":15}},"91":{"start":{"line":194,"column":10},"end":{"line":194,"column":17}},"92":{"start":{"line":197,"column":8},"end":{"line":207,"column":9}},"93":{"start":{"line":198,"column":10},"end":{"line":205,"column":11}},"94":{"start":{"line":199,"column":12},"end":{"line":203,"column":13}},"95":{"start":{"line":200,"column":14},"end":{"line":202,"column":17}},"96":{"start":{"line":201,"column":16},"end":{"line":201,"column":90}},"97":{"start":{"line":204,"column":12},"end":{"line":204,"column":69}},"98":{"start":{"line":206,"column":10},"end":{"line":206,"column":36}},"99":{"start":{"line":209,"column":6},"end":{"line":209,"column":11}},"100":{"start":{"line":213,"column":4},"end":{"line":217,"column":19}},"101":{"start":{"line":214,"column":6},"end":{"line":215,"column":72}},"102":{"start":{"line":216,"column":6},"end":{"line":216,"column":11}},"103":{"start":{"line":219,"column":4},"end":{"line":223,"column":19}},"104":{"start":{"line":220,"column":6},"end":{"line":221,"column":70}},"105":{"start":{"line":222,"column":6},"end":{"line":222,"column":11}},"106":{"start":{"line":225,"column":4},"end":{"line":225,"column":66}},"107":{"start":{"line":226,"column":4},"end":{"line":226,"column":44}},"108":{"start":{"line":227,"column":4},"end":{"line":227,"column":48}},"109":{"start":{"line":228,"column":4},"end":{"line":228,"column":27}},"110":{"start":{"line":232,"column":2},"end":{"line":234,"column":4}},"111":{"start":{"line":233,"column":4},"end":{"line":233,"column":68}}},"branchMap":{"1":{"line":43,"type":"cond-expr","locations":[{"start":{"line":43,"column":44},"end":{"line":43,"column":70}},{"start":{"line":43,"column":73},"end":{"line":43,"column":82}}]},"2":{"line":51,"type":"binary-expr","locations":[{"start":{"line":51,"column":21},"end":{"line":51,"column":37}},{"start":{"line":51,"column":41},"end":{"line":51,"column":45}}]},"3":{"line":77,"type":"binary-expr","locations":[{"start":{"line":77,"column":20},"end":{"line":77,"column":33}},{"start":{"line":77,"column":37},"end":{"line":77,"column":39}}]},"4":{"line":80,"type":"binary-expr","locations":[{"start":{"line":80,"column":23},"end":{"line":80,"column":47}},{"start":{"line":80,"column":51},"end":{"line":80,"column":57}}]},"5":{"line":81,"type":"binary-expr","locations":[{"start":{"line":81,"column":19},"end":{"line":81,"column":39}},{"start":{"line":81,"column":43},"end":{"line":81,"column":50}}]},"6":{"line":82,"type":"binary-expr","locations":[{"start":{"line":82,"column":24},"end":{"line":82,"column":48}},{"start":{"line":82,"column":52},"end":{"line":82,"column":63}}]},"7":{"line":105,"type":"if","locations":[{"start":{"line":105,"column":4},"end":{"line":105,"column":4}},{"start":{"line":105,"column":4},"end":{"line":105,"column":4}}]},"8":{"line":110,"type":"if","locations":[{"start":{"line":110,"column":4},"end":{"line":110,"column":4}},{"start":{"line":110,"column":4},"end":{"line":110,"column":4}}]},"9":{"line":121,"type":"cond-expr","locations":[{"start":{"line":121,"column":48},"end":{"line":121,"column":65}},{"start":{"line":121,"column":68},"end":{"line":121,"column":80}}]},"10":{"line":122,"type":"if","locations":[{"start":{"line":122,"column":4},"end":{"line":122,"column":4}},{"start":{"line":122,"column":4},"end":{"line":122,"column":4}}]},"11":{"line":127,"type":"if","locations":[{"start":{"line":127,"column":6},"end":{"line":127,"column":6}},{"start":{"line":127,"column":6},"end":{"line":127,"column":6}}]},"12":{"line":176,"type":"if","locations":[{"start":{"line":176,"column":6},"end":{"line":176,"column":6}},{"start":{"line":176,"column":6},"end":{"line":176,"column":6}}]},"13":{"line":181,"type":"if","locations":[{"start":{"line":181,"column":6},"end":{"line":181,"column":6}},{"start":{"line":181,"column":6},"end":{"line":181,"column":6}}]}
[...]
d-expr","locations":[{"start":{"line":201,"column":56},"end":{"line":201,"column":76}},{"start":{"line":201,"column":79},"end":{"line":201,"column":89}}]}},"code":["/*"," * Copyright 2015 The Closure Compiler Authors."," *"," * Licensed under the Apache License, Version 2.0 (the \"License\");"," * you may not use this file except in compliance with the License."," * You may obtain a copy of the License at"," *"," *     http://www.apache.org/licenses/LICENSE-2.0"," *"," * Unless required by applicable law or agreed to in writing, software"," * distributed under the License is distributed on an \"AS IS\" BASIS,"," * WITHOUT WARRANTIES OR CONDITIONS OF ANY KIND, either express or implied."," * See the License for the specific language governing permissions and"," * limitations under the License."," */","","/**"," * @fileoverview Gulp task for closure-compiler. Multiplexes input"," * files into a json encoded stream which can be piped into closure-compiler."," * Each json file object includes the contents, path and optionally sourcemap"," * for every input file."," *"," * Closure-compiler will return the same style string via standard-out which"," * is then converted back to vinyl files."," *"," * @author Chad Killingsworth (chadkillingsworth@gmail.com)"," */","","'use strict';","","/**"," * @param {Object<string,string>} initOptions"," * @return {function(Object<string,string>|Array<string>):Object}"," */","module.exports = function(initOptions) {","  var filesToJson = require('./concat-to-json');","  var jsonToVinyl = require('./json-to-vinyl');","  var Compiler = require('../node/closure-compiler');","  var stream = require('stream');","  /** @const */","  var PLUGIN_NAME = 'gulp-google-closure-compiler';","","  var extraCommandArguments = initOptions ? initOptions.extraArguments : undefined;","  var applySourceMap = require('vinyl-sourcemaps-apply');","  var path = require('path');","  var chalk = require('chalk');","  var File = require('vinyl');","","  /** @constructor */","  function CustomError(plugin, msg) {","    var superError = Error.call(this) || this;","    Error.captureStackTrace(superError, this.constructor);","    superError.name = 'Error';","    superError.message = msg;","    return superError;","  }","  CustomError.prototype = Object.create(Error.prototype);","  CustomError.prototype.name = 'Error';","","  var PluginError;","  try {","    PluginError = require('gulp-util').PluginError;","  } catch(e) {","    PluginError = CustomError;","  }","","  var gulpLog;","  try {","    gulpLog = require('gulp-util').log;","  } catch(e) {","    gulpLog = console;","  }","","  function CompilationStream(compilationOptions, pluginOptions) {","    stream.Transform.call(this, {objectMode: true});","","    pluginOptions = pluginOptions || {};","","    this.compilationOptions_ = compilationOptions;","    this.streamMode_ = pluginOptions.streamMode || 'BOTH';","    this.logger_ = pluginOptions.logger || gulpLog;","    this.PLUGIN_NAME_ = pluginOptions.pluginName || PLUGIN_NAME;","","    this.fileList_ = [];","    this._streamInputRequired = pluginOptions.requireStreamInput !== false;","  }","  CompilationStream.prototype = Object.create(stream.Transform.prototype);","","  // Buffer the files into an array","  CompilationStream.prototype.src = function() {","    this._streamInputRequired = false;","    process.nextTick((function() {","      var stdInStream = new stream.Readable({ read: function() {","        return new File();","      }});","      stdInStream.pipe(this);","      stdInStream.push(null);","    }).bind(this));","    return this;","  };","","  // Buffer the files into an array","  CompilationStream.prototype._transform = function(file, enc, cb) {","    // ignore empty files","    if (file.isNull()) {","      cb();","      return;","    }","","    if (file.isStream()) {","      this.emit('error', new PluginError(this.PLUGIN_NAME_, 'Streaming not supported'));","      cb();","      return;","    }","","    this.fileList_.push(file);","    cb();","  };","","  CompilationStream.prototype._flush = function(cb) {","    var jsonFiles, logger = this.logger_.warn ? this.logger_.warn : this.logger_;","    if (this.fileList_.length > 0) {","      // Input files are present. Convert them to a JSON encoded string","      jsonFiles = filesToJson(this.fileList_);","    } else {","      // If files in the stream were required, no compilation needed here.","      if (this._streamInputRequired) {","        this.emit('end');","        cb();","        return;","      }","","      // The compiler will always expect something on standard-in. So pass it an empty","      // list if no files were piped into this plugin.","      jsonFiles = [];","    }","","    var compiler = new Compiler(this.compilationOptions_, extraCommandArguments);","","    // Add the gulp-specific argument so the compiler will understand the JSON encoded input","    // for gulp, the stream mode will be 'BOTH', but when invoked from grunt, we only use","    // a stream mode of 'IN'","    compiler.commandArguments.push('--json_streams', this.streamMode_);","","    var compilerProcess = compiler.run();","","    var stdOutData = '', stdErrData = '';","","    compilerProcess.stdout.on('data', function (data) {","      stdOutData += data;","    });","    compilerProcess.stderr.on('data', function (data) {","      stdErrData += data;","    });","","    Promise.all([","      new Promise(function(resolve) {","        compilerProcess.on('close', function(code) {","          resolve(code);","        });","      }),","      new Promise(function(resolve) {","        compilerProcess.stdout.on('end', function() {","          resolve();","        });","      }),","      new Promise(function(resolve) {","        compilerProcess.stderr.on('end', function() {","          resolve();","        });","      })","    ]).then((function(results) {","      var code = results[0];","","      // standard error will contain compilation warnings, log those","      if (stdErrData.trim().length > 0) {","        logger(chalk.yellow(this.PLUGIN_NAME_) + ': ' + stdErrData);","      }","","      // non-zero exit means a compilation error","      if (code !== 0) {","        this.emit('error', new PluginError(this.PLUGIN_NAME_, 'Compilation error'));","      }","","      // If present, standard output will be a string of JSON encoded files.","      // Convert these back to vinyl","      if (stdOutData.trim().length > 0) {","        var outputFiles;","        try {","          outputFiles = jsonToVinyl(stdOutData);","        } catch (e) {","          this.emit('error', new PluginError(this.PLUGIN_NAME_, 'Error parsing json encoded files'));","          cb();","          return;","        }","","        for (var i = 0; i < outputFiles.length; i++) {","          if (outputFiles[i].sourceMap) {","            if (outputFiles[i].sourceMap.sources) {","              outputFiles[i].sourceMap.sources = outputFiles[i].sourceMap.sources.map(function(sourcePath) {","                return path.isAbsolute(sourcePath[0]) ? sourcePath.substr(1) : sourcePath;","              });","            }","            applySourceMap(outputFiles[i], outputFiles[i].sourceMap);","          }","          this.push(outputFiles[i]);","        }","      }","      cb();","    }).bind(this));","","    // Error events occur when there was a problem spawning the compiler process","    compilerProcess.on('error', (function (err) {","      this.emit('error', new PluginError(this.PLUGIN_NAME_,","          'Process spawn error. Is java in the path?\\n' + err.message));","      cb();","    }).bind(this));","","    compilerProcess.stdin.on('error', (function(err) {","      this.emit('Error', new PluginError(this.PLUGIN_NAME_,","          'Error writing to stdin of the compiler.\\n' + err.message));","      cb();","    }).bind(this));","    ","    var stdInStream = new stream.Readable({ read: function() {}});","    stdInStream.pipe(compilerProcess.stdin);","    stdInStream.push(JSON.stringify(jsonFiles));","    stdInStream.push(null);","  };","","","  return function (compilationOptions, pluginOptions) {","    return new CompilationStream(compilationOptions, pluginOptions);","  };","};",""],"l":{"35":1,"36":0,"37":0,"38":0,"39":0,"41":0,"43":0,"44":0,"45":0,"46":0,"47":0,"50":1,"51":0,"52":0,"53":0,"54":0,"55":0,"57":0,"58":0,"60":0,"61":0,"62":0,"64":0,"67":0,"68":0,"69":0,"71":0,"74":1,"75":0,"77":0,"79":0,"80":0,"81":0,"82":0,"84":0,"85":0,"87":0,"90":0,"91":0,"92":0,"93":0,"94":0,"96":0,"97":0,"99":0,"103":0,"105":0,"106":0,"107":0,"110":0,"111":0,"112":0,"113":0,"116":0,"117":0,"120":0,"121":0,"122":0,"124":0,"127":0,"128":0,"129":0,"130":0,"135":0,"138":0,"143":0,"145":0,"147":0,"149":0,"150":0,"152":0,"153":0,"156":0,"158":0,"159":0,"163":0,"164":0,"168":0,"169":0,"173":0,"176":0,"177":0,"181":0,"182":0,"187":0,"188":0,"189":0,"190":0,"192":0,"193":0,"194":0,"197":0,"198":0,"199":0,"200":0,"201":0,"204":0,"206":0,"209":0,"213":0,"214":0,"216":0,"219":0,"220":0,"222":0,"225":0,"226":0,"227":0,"228":0,"232":0,"233":0}},"/home/travis/build/npmtest/node-npmtest-google-closure-compiler/node_modules/google-closure-compiler/lib/node/closure-compiler.js":{"path":"/home/travis/build/npmtest/node-npmtest-google-closure-compiler/node_modules/google-closure-compiler/lib/node/closure-compiler.js","s":{"1":1,"2":1,"3":1,"4":1,"5":1,"6":0,"7":0,"8":0,"9":0,"10":0,"11":0,"12":0,"13":0,"14":0,"15":0,"16":1,"17":1,"18":1,"19":1,"20":1,"21":0,"22":0,"23":0,"24":0,"25":0,"26":0,"27":0,"28":0,"29":0,"30":0,"31":0,"32":0,"33":0,"34":0,"35":0,"36":0,"37":1,"38":1,"39":1,"40":0,"41":1,"42":0,"43":1,"44":0,"45":0,"46":0,"47":1},"b":{"1":[0,0],"2":[0,0],"3":[0,0],"4":[0,0],"5":[0,0],"6":[0,0],"7":[0,0],"8":[0,0],"9":[0,0]},"f":{"1":0,"2":0,"3":0,"4":0,"5":0,"6":0,"7":0,"8":0,"9":0},"fnMap":{"1":{"name":"Compiler","line":36,"loc":{"start":{"line":36,"column":0},"end":{"line":36,"column":42}}},"2":{"name":"(anonymous_2)","line":81,"loc":{"start":{"line":81,"column":25},"end":{"line":81,"column":44}}},"3":{"name":"(anonymous_3)","line":90,"loc":{"start":{"line":90,"column":37},"end":{"line":90,"column":53}}},"4":{"name":"(anonymous_4)","line":94,"loc":{"start":{"line":94,"column":37},"end":{"line":94,"column":53}}},"5":{"name":"(anonymous_5)","line":98,"loc":{"start":{"line":98,"column":32},"end":{"line":98,"column":48}}},"6":{"name":"(anonymous_6)","line":106,"loc":{"start":{"line":106,"column":32},"end":{"line":106,"column":47}}},"7":{"name":"(anonymous_7)","line":124,"loc":{"start":{"line":124,"column":36},"end":{"line":124,"column":47}}},"8":{"name":"(anonymous_8)","line":132,"loc":{"start":{"line":132,"column":40},"end":{"line":132,"column":54}}},"9":{"name":"(anonymous_9)","line":141,"loc":{"start":{"line":141,"column":36},"end":{"line":141,"column":55}}}},"statementMap":{"1":{"start":{"line":26,"column":0},"end":{"line":26,"column":43}},"2":{"start":{"line":27,"column":0},"end":{"line":27,"column":57}},"3":{"start":{"line":28,"column":0},"end":{"line":28,"column":27}},"4":{"start":{"line":29,"column":0},"end":{"line":29,"column":58}},"5":{"start":{"line":36,"column":0},"end":{"line":58,"column":1}},"6":{"start":{"line":37,"column":2},"end":{"line":37,"column":59}},"7":{"start":{"line":39,"column":2},"end":{"line":41,"column":3}},"8":{"start":{"line":40,"column":4},"end":{"line":40,"column":58}},"9":{"start":{"line":43,"column":2},"end":{"line":57,"column":3}},"10":{"start":{"line":44,"column":4},"end":{"line":44,"column":71}},"11":{"start":{"line":46,"column":4},"end":{"line":56,"column":5}},"12":{"start":{"line":47,"column":6},"end":{"line":55,"column":7}},"13":{"start":{"line":48,"column":8},"end":{"line":51,"column":9}},"14":{"start":{"line":49,"column":10},"end":{"line":50,"column":54}},"15":{"start":{"line":53,"column":8},"end":{"line":54,"column":49}},"16":{"start":{"line":64,"column":0},"end":{"line":64,"column":33}},"17":{"start":{"line":69,"column":0},"end":{"line":69,"column":37}},"18":{"start":{"line":72,"column":0},"end":{"line":72,"column":33}},"19":{"start":{"line":75,"column":0},"end":{"line":75,"column":44}},"20":{"start":{"line":81,"column":0},"end":{"line":113,"column":2}},"21":{"start":{"line":82,"column":2},"end":{"line":84,"column":3}},"22":{"start":{"line":83,"column":4},"end":{"line":83,"column":46}},"23":{"start":{"line":86,"column":2},"end":{"line":86,"column":86}},"24":{"start":{"line":88,"column":2},"end":{"line":88,"column":39}},"25":{"start":{"line":89,"column":2},"end":{"line":110,"column":3}},"26":{"start":{"line":90,"column":4},"end":{"line":92,"column":7}},"27":{"start":{"line":91,"column":6},"end":{"line":91,"column":25}},"28":{"start":{"line":94,"column":4},"end":{"line":96,"column":7}},"29":{"start":{"line":95,"column":6},"end":{"line":95,"column":25}},"30":{"start":{"line":98,"column":4},"end":{"line":104,"column":19}},"31":{"start":{"line":99,"column":6},"end":{"line":101,"column":7}},"32":{"start":{"line":100,"column":8},"end":{"line":100,"column":57}},"33":{"start":{"line":103,"column":6},"end":{"line":103,"column":45}},"34":{"start":{"line":106,"column":4},"end":{"line":109,"column":19}},"35":{"start":{"line":107,"column":6},"end":{"line":108,"column":96}},"36":{"start":{"line":112,"column":2},"end":{"line":112,"column":24}},"37":{"start":{"line":116,"column":0},"end":{"line":116,"column":38}},"38":{"start":{"line":119,"column":0},"end":{"line":119,"column":36}},"39":{"start":{"line":124,"column":0},"end":{"line":126,"column":2}},"40":{"start":{"line":125,"column":2},"end":{"line":125,"column":63}},"41":{"start":{"line":132,"column":0},"end":{"line":134,"column":2}},"42":{"start":{"line":133,"column":2},"end":{"line":133,"column":55}},"43":{"start":{"line":141,"column":0},"end":{"line":147,"column":2}},"44":{"start":{"line":142,"column":2},"end":{"line":144,"column":3}},"45":{"start":{"line":143,"column":4},"end":{"line":143,"column":22}},"46":{"start":{"line":146,"column":2},"end":{"line":146,"column":32}},"47":{"start":{"line":149,"column":0},"end":{"line":149,"column":26}}},"branchMap":{"1":{"line":37,"type":"binary-expr","locations":[{"start":{"line":37,"column":27},"end":{"line":37,"column":43}},{"start":{"line":37,"column":47},"end":{"line":37,"column":49}}]},"2":{"line":39,"type":"if","locations":[{"start":{"line":39,"column":2},"end":{"line":39,"column":2}},{"start":{"line":39,"column":2},"end":{"line":39,"column":2}}]},"3":{"line":43,"type":"if","locations":[{"start":{"line":43,"column":2},"end":{"line":43,"column":2}},{"start":{"line":43,"column":2},"end":{"line":43,"column":2}}]},"4":{"line":47,"type":"if","locations":[{"start":{"line":47,"column":6},"end":{"line":47,"column":6}},{"start":{"line":47,"column":6},"end":{"line":47,"column":6}}]},"5":{"line":82,"type":"if","locations":[{"start":{"line":82,"column":2},"end":{"line":82,"column":2}},{"start":{"line":82,"column":2},"end":{"line":82,"column":2}}]},"6":{"line":89,"type":"if","locations":[{"start":{"line":89,"column":2},"end":{"line":89,"column":2}},{"start":{"line":89,"column":2},"end":{"line":89,"column":2}}]},"7":{"line":99,"type":"if","locations":[{"start":{"line":99,"column":6},"end":{"line":99,"column":6}},{"start":{"line":99,"column":6},"end":{"line":99,"column":6}}]},"8":{"line":142,"type":"if","locations":[{"start":{"line":142,"column":2},"end":{"line":142,"column":2}},{"start":{"line":142,"column":2},"end":{"line":142,"column":2}}]},"9":{"line":142,"type":"binary-expr","locations":[{"start":{"line":142,"column":6},"end":{"line":142,"column":23}},{"start":{"line":142,"column":27},"end":{"line":142,"column":39}}]}},"code":["/*"," * Copyright 2015 The Closure Compiler Authors."," *"," * Licensed under the Apache License, Version 2.0 (the \"License\");"," * you may not use this file except in compliance with the License."," * You may obtain a copy of the License at"," *"," *     http://www.apache.org/licenses/LICENSE-2.0"," *"," * Unless required by applicable law or agreed to in writing, software"," * distributed under the License is distributed on an \"AS IS\" BASIS,"," * WITHOUT WARRANTIES OR CONDITIONS OF ANY KIND, either express or implied."," * See the License for the specific language governing permissions and"," * limitations under the License."," */","","/**"," * @fileoverview Low level class for calling the closure-compiler jar"," * from nodejs"," *"," * @author Chad Killingsworth (chadkillingsworth@gmail.com)"," */","","'use strict';","","var spawn = require('child_process').spawn;","var compilerPath = require.resolve('../../compiler.jar');","var path = require('path');","var contribPath = path.dirname(compilerPath) + '/contrib';","","/**"," * @constructor"," * @param {Object<string,string>|Array<string>} args"," * @param {Array<String>=} extraCommandArgs"," */","function Compiler(args, extraCommandArgs) {","  this.commandArguments = (extraCommandArgs || []).slice();","","  if (Compiler.JAR_PATH) {","    this.commandArguments.push('-jar', Compiler.JAR_PATH);","  }","","  if (Array.isArray(args)) {","    this.commandArguments = this.commandArguments.concat(args.slice());","  } else {","    for (var key in args) {","      if (Array.isArray(args[key])) {","        for (var i = 0; i < args[key].length; i++) {","          this.commandArguments.push(","              this.formatArgument(key, args[key][i]));","        }","      } else {","        this.commandArguments.push(","            this.formatArgument(key, args[key]));","      }","    }","  }","}","","/**"," * @const"," * @type {string}"," */","Compiler.JAR_PATH = compilerPath;","","/**"," * @type {string}"," */","Compiler.prototype.javaPath = 'java';","","/** @type {function(...*)|null} */","Compiler.prototype.logger = null;","","/** @type {Object<string, string>} */","Compiler.prototype.spawnOptions = undefined;","","/**"," * @param {function(number, string, string)=} callback"," * @return {child_process.ChildProcess}"," */","Compiler.prototype.run = function(callback) {","  if (this.logger) {","    this.logger(this.getFullCommand() + '\\n');","  }","","  var compileProcess = spawn(this.javaPath, this.commandArguments, this.spawnOptions);","","  var stdOutData = '', stdErrData = '';","  if (callback) {","    compileProcess.stdout.on('data', function (data) {","      stdOutData += data;","    });","","    compileProcess.stderr.on('data', function (data) {","      stdErrData += data;","    });","","    compileProcess.on('close', (function (code) {","      if (code !== 0) {","        stdErrData = this.prependFullCommand(stdErrData);","      }","","      callback(code, stdOutData, stdErrData);","    }).bind(this));","","    compileProcess.on('error', (function (err) {","      callback(1, stdOutData,","          this.prependFullCommand('Process spawn error. Is java in the path?\\n' + err.message));","    }).bind(this));","  }","","  return compileProcess;","};","","/** @type {string} */","Compiler.COMPILER_PATH = compilerPath;","","/** @type {string} */","Compiler.CONTRIB_PATH = contribPath;","","/**"," * @return {string}"," */","Compiler.prototype.getFullCommand = function() {","  return this.javaPath + ' ' + this.commandArguments.join(' ');","};","","/**"," * @param {string} msg"," * @return {string}"," */","Compiler.prototype.prependFullCommand = function(msg) {","  return this.getFullCommand() + '\\n\\n' + msg + '\\n\\n';","};","","/**"," * @param {string} key"," * @param {(string|boolean)=} val"," * @return {string}"," */","Compiler.prototype.formatArgument = function(key, val) {","  if (val === undefined || val === null) {","    return '--' + key;","  }","","  return '--' + key + '=' + val;","};","","module.exports = Compiler;",""],"l":{"26":1,"27":1,"28":1,"29":1,"36":1,"37":0,"39":0,"40":0,"43":0,"44":0,"46":0,"47":0,"48":0,"49":0,"53":0,"64":1,"69":1,"72":1,"75":1,"81":1,"82":0,"83":0,"86":0,"88":0,"89":0,"90":0,"91":0,"94":0,"95":0,"98":0,"99":0,"100":0,"103":0,"106":0,"107":0,"112":0,"116":1,"119":1,"124":1,"125":0,"132":1,"133":0,"141":1,"142":0,"143":0,"146":0,"149":1}}}